"../../../Engine/Content/Functions/Engine_MaterialFunctions01/Opacity/CameraDepthFade.uasset" 0
"../../../Engine/Content/EngineMaterials/T_Default_Material_Grid_M.uasset" 1
"../../../Engine/Content/EngineMaterials/T_Default_Material_Grid_N.uasset" 2
"../../../Engine/Content/EngineMaterials/WorldGridMaterial.uasset" 3
"../../../Engine/Content/ArtTools/RenderToTexture/Meshes/S_1_Unit_Plane.uasset" 4
"../../../Engine/Content/EngineMaterials/DefaultMaterial.uasset" 5
"../../../Engine/Content/BasicShapes/Cone.uasset" 6
"../../../Engine/Content/BasicShapes/Cylinder.uasset" 7
"../../../Engine/Content/BasicShapes/Sphere.uasset" 8
"../../../Engine/Content/EditorLandscapeResources/DataLayer.uasset" 9
"../../../Engine/Content/EditorMaterials/GizmoMaterial.uasset" 10
"../../../Engine/Content/EditorMaterials/MAT_Groups_Toggle.uasset" 11
"../../../Engine/Content/EditorMaterials/MAT_Groups_Visibility.uasset" 12
"../../../Engine/Content/EditorMaterials/PreviewShadowIndicator.uasset" 13
"../../../Engine/Content/EditorMaterials/PreviewShadowIndicatorMaterial.uasset" 14
"../../../Engine/Content/EditorMaterials/MatineeGroups/MAT_ColorTrack.uasset" 15
"../../../Engine/Content/EditorMaterials/MatineeGroups/MAT_Groups_Anim.uasset" 16
"../../../Engine/Content/EditorMaterials/MatineeGroups/MAT_Groups_AudioMaster.uasset" 17
"../../../Engine/Content/EditorMaterials/MatineeGroups/MAT_Groups_Director.uasset" 18
"../../../Engine/Content/EditorMaterials/MatineeGroups/MAT_Groups_Event.uasset" 19
"../../../Engine/Content/EditorMaterials/MatineeGroups/MAT_Groups_Fade.uasset" 20
"../../../Engine/Content/EditorMaterials/MatineeGroups/MAT_Groups_Float.uasset" 21
"../../../Engine/Content/EditorMaterials/MatineeGroups/MAT_Groups_Move.uasset" 22
"../../../Engine/Content/EditorMaterials/MatineeGroups/MAT_Groups_Slomo.uasset" 23
"../../../Engine/Content/EditorMaterials/MatineeGroups/MAT_Groups_Sound.uasset" 24
"../../../Engine/Content/EditorMaterials/MatineeGroups/MAT_Groups_Vector.uasset" 25
"../../../Engine/Content/EditorMaterials/ParticleSystems/PSysThumbnail_NoImage.uasset" 26
"../../../Engine/Content/EditorMaterials/ParticleSystems/PSysThumbnail_OOD.uasset" 27
"../../../Engine/Content/EditorMaterials/Camera/CineMat.uasset" 28
"../../../Engine/Content/EditorMaterials/Camera/MI_CineMat_Rig.uasset" 29
"../../../Engine/Content/EditorMeshes/Camera/SM_CraneRig_Arm.uasset" 30
"../../../Engine/Content/EditorMeshes/Camera/SM_CraneRig_Base.uasset" 31
"../../../Engine/Content/EditorMeshes/Camera/SM_CraneRig_Body.uasset" 32
"../../../Engine/Content/EditorMeshes/Camera/SM_CraneRig_Mount.uasset" 33
"../../../Engine/Content/EditorMeshes/Camera/SM_RailRig_Mount.uasset" 34
"../../../Engine/Content/EditorMeshes/Camera/SM_RailRig_Track.uasset" 35
"../../../Engine/Content/EditorResources/BSPVertex.uasset" 36
"../../../Engine/Content/EditorResources/EmptyActor.uasset" 37
"../../../Engine/Content/EditorResources/S_Actor.uasset" 38
"../../../Engine/Content/EditorResources/S_Trigger.uasset" 39
"../../../Engine/Content/EditorResources/AudioIcons/S_AudioComponent.uasset" 40
"../../../Engine/Content/EditorResources/LightIcons/S_LightError.uasset" 41
"../../../Engine/Content/EditorResources/SequenceRecorder/Countdown.uasset" 42
"../../../Engine/Content/EditorResources/SequenceRecorder/RecordingIndicator.uasset" 43
"../../../Engine/Content/EditorSounds/Notifications/CompileFailed.uasset" 44
"../../../Engine/Content/EditorSounds/Notifications/CompileFailed_Cue.uasset" 45
"../../../Engine/Content/EditorSounds/Notifications/CompileSuccess.uasset" 46
"../../../Engine/Content/EditorSounds/Notifications/CompileStart_Cue.uasset" 47
"../../../Engine/Content/EditorSounds/Notifications/CompileSuccess_Cue.uasset" 48
"../../../Engine/Content/EngineDamageTypes/DmgTypeBP_Environmental.uasset" 49
"../../../Engine/Content/EngineDebugMaterials/HeatmapGradient.uasset" 50
"../../../Engine/Content/EngineDebugMaterials/BoneWeightMaterial.uasset" 51
"../../../Engine/Content/EngineDebugMaterials/ClothMaterial.uasset" 52
"../../../Engine/Content/EngineDebugMaterials/ClothMaterial_WF.uasset" 53
"../../../Engine/Content/EngineDebugMaterials/DebugEditorMaterial.uasset" 54
"../../../Engine/Content/EngineDebugMaterials/DebugMeshMaterial.uasset" 55
"../../../Engine/Content/EngineDebugMaterials/GeomMaterial.uasset" 56
"../../../Engine/Content/EngineDebugMaterials/M_SimpleTranslucent.uasset" 57
"../../../Engine/Content/EngineFonts/Faces/RobotoBold.uasset" 58
"../../../Engine/Content/EngineFonts/Faces/RobotoBoldItalic.uasset" 59
"../../../Engine/Content/EngineFonts/Faces/RobotoItalic.uasset" 60
"../../../Engine/Content/EngineFonts/Faces/RobotoLight.uasset" 61
"../../../Engine/Content/EngineFonts/Faces/RobotoRegular.uasset" 62
"../../../Engine/Content/EngineFonts/Roboto.uasset" 63
"../../../Engine/Content/EngineFonts/Faces/RobotoTiny.uasset" 64
"../../../Engine/Content/EngineFonts/RobotoTiny.uasset" 65
"../../../Engine/Content/EngineMaterials/BaseFlattenDiffuseMap.uasset" 66
"../../../Engine/Content/EngineMaterials/BaseFlattenEmissiveMap.uasset" 67
"../../../Engine/Content/EngineMaterials/BaseFlattenGrayscaleMap.uasset" 68
"../../../Engine/Content/EngineMaterials/BaseFlattenNormalMap.uasset" 69
"../../../Engine/Content/EngineMaterials/BaseFlattenMaterial.uasset" 70
"../../../Engine/Content/EngineMaterials/DefaultBloomKernel.uasset" 71
"../../../Engine/Content/EngineMaterials/DefaultBokeh.uasset" 72
"../../../Engine/Content/EngineMaterials/DefaultDiffuse.uasset" 73
"../../../Engine/Content/EngineMaterials/DefaultDeferredDecalMaterial.uasset" 74
"../../../Engine/Content/EngineMaterials/DefaultLightFunctionMaterial.uasset" 75
"../../../Engine/Content/EngineMaterials/DefaultPhysicalMaterial.uasset" 76
"../../../Engine/Content/Functions/Engine_MaterialFunctions02/Utility/BreakOutFloat2Components.uasset" 77
"../../../Engine/Content/EngineMaterials/DefaultPostProcessMaterial.uasset" 78
"../../../Engine/Content/EngineFonts/RobotoDistanceField.uasset" 79
"../../../Engine/Content/EngineMaterials/DefaultTextMaterialOpaque.uasset" 80
"../../../Engine/Content/EngineMaterials/DefaultWhiteGrid.uasset" 81
"../../../Engine/Content/EngineMaterials/EditorBrushMaterial.uasset" 82
"../../../Engine/Content/EngineMaterials/Good64x64TilingNoiseHighFreq.uasset" 83
"../../../Engine/Content/EngineMaterials/MiniFont.uasset" 84
"../../../Engine/Content/EngineMaterials/InvalidLightmapSettings.uasset" 85
"../../../Engine/Content/EngineMaterials/M_InvalidLightmapSettings.uasset" 86
"../../../Engine/Content/Functions/Engine_MaterialFunctions02/WorldPositionOffset/CameraOffset.uasset" 87
"../../../Engine/Content/EngineMaterials/PhAT_JointLimitMaterial.uasset" 88
"../../../Engine/Content/EngineMaterials/PreintegratedSkinBRDF.uasset" 89
"../../../Engine/Content/EngineMaterials/RemoveSurfaceMaterial.uasset" 90
"../../../Engine/Content/EngineMaterials/WeightMapPlaceholderTexture.uasset" 91
"../../../Engine/Content/EngineResources/WhiteSquareTexture.uasset" 92
"../../../Engine/Content/EngineMaterials/Widget3DPassThrough.uasset" 93
"../../../Engine/Content/EngineMaterials/Widget3DPassThrough_Masked.uasset" 94
"../../../Engine/Content/EngineMaterials/Widget3DPassThrough_Opaque.uasset" 95
"../../../Engine/Content/EngineMaterials/Widget3DPassThrough_Masked_OneSided.uasset" 96
"../../../Engine/Content/EngineMaterials/Widget3DPassThrough_Opaque_OneSided.uasset" 97
"../../../Engine/Content/EngineMaterials/Widget3DPassThrough_Translucent.uasset" 98
"../../../Engine/Content/EngineMaterials/Widget3DPassThrough_Translucent_OneSided.uasset" 99
"../../../Engine/Content/EngineMeshes/Cylinder.uasset" 100
"../../../Engine/Content/EngineMeshes/Sphere.uasset" 101
"../../../Engine/Content/EngineResources/Black.uasset" 102
"../../../Engine/Content/EngineResources/DefaultTexture.uasset" 103
"../../../Engine/Content/EngineResources/DefaultTextureCube.uasset" 104
"../../../Engine/Content/EngineResources/DefaultVolumeTexture2D.uasset" 105
"../../../Engine/Content/EngineResources/DefaultVolumeTexture.uasset" 106
"../../../Engine/Content/EngineResources/GradientTexture0.uasset" 107
"../../../Engine/Content/EngineSounds/Master.uasset" 108
"../../../Engine/Content/Functions/Engine_MaterialFunctions01/Shading/ConvertFromDiffSpec.uasset" 109
"../../../Engine/Content/Functions/Engine_MaterialFunctions01/Shading/PowerToRoughness.uasset" 110
"../../../Engine/Content/Maps/Templates/Thumbnails/Default.uasset" 111
"../../../Engine/Content/Maps/Templates/Thumbnails/VR-Basic.uasset" 112
"../../../Engine/Content/MobileResources/T_MobileControls_texture.uasset" 113
"../../../Engine/Content/MobileResources/T_MobileMenu2.uasset" 114
"../../../Engine/Content/MobileResources/HUD/AnalogHat.uasset" 115
"../../../Engine/Content/MobileResources/HUD/VirtualJoystick_Background.uasset" 116
"../../../Engine/Content/MobileResources/HUD/VirtualJoystick_Thumb.uasset" 117
"../../../Engine/Content/MobileResources/HUD/DefaultVirtualJoysticks.uasset" 118
"../../../Engine/Content/MobileResources/HUD/LeftVirtualJoystickOnly.uasset" 119
"../../../Engine/Content/MobileResources/HUD/MobileHUDButton1_off.uasset" 120
"../../../Engine/Content/MobileResources/HUD/MobileHUDButton1_on.uasset" 121
"../../../Engine/Content/MobileResources/HUD/MobileHUDButton2_off.uasset" 122
"../../../Engine/Content/MobileResources/HUD/MobileHUDButton2_on.uasset" 123
"../../../Engine/Content/MobileResources/HUD/MobileHUDButton3.uasset" 124
"../../../Engine/Content/MobileResources/HUD/MobileHUDButtonFire.uasset" 125
"../../../Engine/Content/MobileResources/HUD/MobileHUDDirectionPad.uasset" 126
"../../../Engine/Content/MobileResources/HUD/MobileHUDDirectionPad2.uasset" 127
"../../../Engine/Content/MobileResources/HUD/MobileHUDDirectionPad3.uasset" 128
"../../../Engine/Content/MobileResources/HUD/MobileHUDDirectionStick.uasset" 129
"../../../Engine/Content/MobileResources/HUD/T_Castle_ThumbstickInner.uasset" 130
"../../../Engine/Content/MobileResources/HUD/T_Castle_ThumbstickOutter.uasset" 131
"../../../Engine/Content/Tutorial/ContentIntroCurve.uasset" 132
"../../../Engine/Content/Tutorial/Basics/TutorialAssets/icon_tab_Levels_40x.uasset" 133
"../../../Engine/Content/VREditor/LaserPointer/VR_LaserPower_01.uasset" 134
"../../../Engine/Content/VREditor/TransformGizmo/TransformGizmoMaterial.uasset" 135
"../../../Engine/Content/VREditor/TransformGizmo/TranslucentTransformGizmoMaterial.uasset" 136
"../../../Engine/Content/VREditor/TransformGizmo/BoundingBoxCorner.uasset" 137
"../../../Engine/Content/VREditor/TransformGizmo/BoundingBoxEdge.uasset" 138
"../../../Engine/Content/VREditor/TransformGizmo/PlaneTranslationHandle.uasset" 139
"../../../Engine/Content/VREditor/TransformGizmo/Main.uasset" 140
"../../../Engine/Content/VREditor/TransformGizmo/Xray.uasset" 141
"../../../Engine/Content/VREditor/TransformGizmo/SM_Sequencer_Key.uasset" 142
"../../../Engine/Content/VREditor/TransformGizmo/SM_Sequencer_Node.uasset" 143
"../../Plugins/2D/Paper2D/Content/PlaceholderTextures/DummySpriteTexture.uasset" 144
"../../Plugins/2D/Paper2D/Content/DummySprite.uasset" 145
"../../Plugins/2D/Paper2D/Content/DefaultPaperTerrainMaterial.uasset" 146
"../../Plugins/2D/Paper2D/Content/DefaultSpriteMaterial.uasset" 147
"../../Plugins/2D/Paper2D/Content/MaskedUnlitSpriteMaterial.uasset" 148
"../../Plugins/2D/Paper2D/Content/OpaqueUnlitSpriteMaterial.uasset" 149
"../../Plugins/Runtime/Oculus/OculusVR/Content/Materials/PokeAHoleMaterial.uasset" 150
"../../Plugins/Runtime/Oculus/OculusVR/Content/Textures/GearVRController_AO.uasset" 151
"../../Plugins/Runtime/Oculus/OculusVR/Content/Textures/GearVRController_Color.uasset" 152
"../../Plugins/Runtime/Oculus/OculusVR/Content/Textures/GearVRController_Normal.uasset" 153
"../../Plugins/Runtime/Oculus/OculusVR/Content/Materials/GearVRControllerMaterial.uasset" 154
"../../Plugins/Runtime/Oculus/OculusVR/Content/Meshes/GearVrController.uasset" 155
"../../Plugins/Runtime/Oculus/OculusVR/Content/Meshes/RiftHMD.uasset" 156
"../../../Engine/Content/EditorBlueprintResources/ActorMacros.uasset" 157
"../../../../../../!Dev/UE4/Pavlov/PB/Prisonbreak/Content/CustomMaps/UGC2095206091/AMM/Interacting/Advanced_InteractBox.uasset" 158
"../../../Engine/Content/EditorBlueprintResources/StandardMacros.uasset" 159
"../../../../../../!Dev/UE4/Pavlov/PB/Prisonbreak/Content/CustomMaps/UGC2095206091/AMM/Miscellaneous/JsonLibrary.uasset" 160
"../../../../../../!Dev/UE4/Pavlov/PB/Prisonbreak/Content/CustomMaps/UGC2095206091/AMM/Miscellaneous/FalldamageType.uasset" 161
"../../../../../../!Dev/UE4/Pavlov/PB/Prisonbreak/Content/CustomMaps/UGC2095206091/AMM/Proxies/AdvancedMovement_GlobalInfo.uasset" 162
"../../../../../../!Dev/UE4/Pavlov/PB/Prisonbreak/Content/CustomMaps/UGC2095206091/AMM/Proxies/AdvancedMovement_PlayerInfo.uasset" 163
"../../../../../../!Dev/UE4/Pavlov/PB/Prisonbreak/Content/CustomMaps/UGC2095206091/PB/Proxies/Prisonbreak_PlayerInfo.uasset" 164
"../../../../../../!Dev/UE4/Pavlov/PB/Prisonbreak/Content/CustomMaps/UGC2095206091/PB/Miscellaneous/Other/PrisonbreakPoints.uasset" 165
"../../../../../../!Dev/UE4/Pavlov/PB/Prisonbreak/Content/CustomMaps/UGC2095206091/PB/Miscellaneous/Other/PrisonbreakPlayerStatus.uasset" 166
"../../../../../../!Dev/UE4/Pavlov/PB/Prisonbreak/Content/CustomMaps/UGC2095206091/PB/Items/Prisoners/Screwdriver/Textures/normal_screwdriver_ao.uasset" 167
"../../../../../../!Dev/UE4/Pavlov/PB/Prisonbreak/Content/CustomMaps/UGC2095206091/PB/Items/Prisoners/Screwdriver/Textures/normal_screwdriver_BaseColor.uasset" 168
"../../../../../../!Dev/UE4/Pavlov/PB/Prisonbreak/Content/CustomMaps/UGC2095206091/PB/Items/Prisoners/Screwdriver/Textures/normal_screwdriver_Metalness.uasset" 169
"../../../../../../!Dev/UE4/Pavlov/PB/Prisonbreak/Content/CustomMaps/UGC2095206091/PB/Items/Prisoners/Screwdriver/Textures/normal_screwdriver_Normal.uasset" 170
"../../../../../../!Dev/UE4/Pavlov/PB/Prisonbreak/Content/CustomMaps/UGC2095206091/PB/Items/Prisoners/Screwdriver/Textures/normal_screwdriver_Roughness.uasset" 171
"../../../../../../!Dev/UE4/Pavlov/PB/Prisonbreak/Content/CustomMaps/UGC2095206091/PB/Items/Prisoners/Screwdriver/Textures/Screwdriver_Mat.uasset" 172
"../../../../../../!Dev/UE4/Pavlov/PB/Prisonbreak/Content/CustomMaps/UGC2095206091/PB/Items/Prisoners/Screwdriver/screwdriverseperate_fbx.uasset" 173
"../../../../../../!Dev/UE4/Pavlov/PB/Prisonbreak/Content/CustomMaps/UGC2095206091/PB/Items/Prisoners/Screwdriver/stab.uasset" 174
"../../../../../../!Dev/UE4/Pavlov/PB/Prisonbreak/Content/CustomMaps/UGC2095206091/PB/Miscellaneous/Sound/Attenuation/DeathAttenuation.uasset" 175
"../../../../../../!Dev/UE4/Pavlov/PB/Prisonbreak/Content/CustomMaps/UGC2095206091/PB/Items/Prisoners/Screwdriver/Screwdriver.uasset" 176
"../../../../../../!Dev/UE4/Pavlov/PB/Prisonbreak/Content/CustomMaps/UGC2095206091/PB/Items/Prisoners/Screwdriver/Screwdrivercollider.uasset" 177
"../../../Engine/Content/BasicShapes/BasicShapeMaterial.uasset" 178
"../../../Engine/Content/BasicShapes/Cube.uasset" 179
"../../../../../../!Dev/UE4/Pavlov/PB/Prisonbreak/Content/CustomMaps/UGC2095206091/PB/UI/ServerProxy/Interactor.uasset" 180
"../../../../../../!Dev/UE4/Pavlov/PB/Prisonbreak/Content/CustomMaps/UGC2095206091/PB/Miscellaneous/JsonLibrary.uasset" 181
"../../../Engine/Content/EngineMeshes/Humanoid.uasset" 182
"../../../../../../!Dev/UE4/Pavlov/PB/Prisonbreak/Plugins/CustomMapTools/Content/Mannequin/Character/Mesh/UE4_Mannequin_Skeleton.uasset" 183
"../../../../../../!Dev/UE4/Pavlov/PB/Prisonbreak/Plugins/CustomMapTools/Content/Mannequin/Character/Mesh/SK_Mannequin.uasset" 184
"../../../../../../!Dev/UE4/Pavlov/PB/Prisonbreak/Plugins/CustomMapTools/Content/Examples/PlayerSkinTable.uasset" 185
"../../../../../../!Dev/UE4/Pavlov/PB/Prisonbreak/Plugins/CustomMapTools/Content/Examples/Items/Flashlight/SM_FlashlightPlaceholder.uasset" 186
"../../../../../../!Dev/UE4/Pavlov/PB/Prisonbreak/Plugins/CustomMapTools/Content/Examples/Items/Flashlight/ModItem_Flashlight.uasset" 187
"../../../../../../!Dev/UE4/Pavlov/PB/Prisonbreak/Plugins/CustomMapTools/Content/Examples/Items/FOB/S_FobInfo.uasset" 188
"../../../../../../!Dev/UE4/Pavlov/PB/Prisonbreak/Plugins/CustomMapTools/Content/Examples/GL_Base.uasset" 189
"../../../../../../!Dev/UE4/Pavlov/PB/Prisonbreak/Plugins/CustomMapTools/Content/Examples/Items/CustomItemTableExample.uasset" 190
"../../../../../../!Dev/UE4/Pavlov/PB/Prisonbreak/Plugins/CustomMapTools/Content/Examples/Proxies/CMP_GlobalInfoExample.uasset" 191
"../../../../../../!Dev/UE4/Pavlov/PB/Prisonbreak/Plugins/CustomMapTools/Content/Examples/Items/FOB/GL_FobExample.uasset" 192
"../../../../../../!Dev/UE4/Pavlov/PB/Prisonbreak/Plugins/CustomMapTools/Content/Examples/Items/FOB/EQS_FOB.uasset" 193
"../../../Engine/Content/VREditor/BasicMeshes/T_CleanFloorGrunge_01_D.uasset" 194
"../../../Engine/Content/VREditor/BasicMeshes/M_Floor_01.uasset" 195
"../../../Engine/Content/VREditor/BasicMeshes/MI_Cube_01.uasset" 196
"../../../Engine/Content/VREditor/BasicMeshes/SM_Cube_01.uasset" 197
"../../../../../../!Dev/UE4/Pavlov/PB/Prisonbreak/Plugins/CustomMapTools/Content/Examples/Items/FOB/ModItem_FOB.uasset" 198
"../../../../../../!Dev/UE4/Pavlov/PB/Prisonbreak/Plugins/CustomMapTools/Content/PhysicalMaterials/PM_ForceNone.uasset" 199
"../../../../../../!Dev/UE4/Pavlov/PB/Prisonbreak/Content/CustomMaps/UGC2095206091/PB/Miscellaneous/Materials/BasicColors/BasicColorMaster.uasset" 200
"../../../../../../!Dev/UE4/Pavlov/PB/Prisonbreak/Content/CustomMaps/UGC2095206091/PB/Miscellaneous/Materials/BasicColors/BasicBrown.uasset" 201
"../../../../../../!Dev/UE4/Pavlov/PB/Prisonbreak/Content/CustomMaps/UGC2095206091/PB/Miscellaneous/Materials/BasicColors/BasicRed.uasset" 202
"../../../../../../!Dev/UE4/Pavlov/PB/Prisonbreak/Content/CustomMaps/UGC2095206091/PB/Miscellaneous/Materials/BasicColors/BasicGrey.uasset" 203
"../../../../../../!Dev/UE4/Pavlov/PB/Prisonbreak/Content/CustomMaps/UGC2095206091/PB/Items/Admin/Parent/Hammer_Mesh.uasset" 204
"../../../../../../!Dev/UE4/Pavlov/PB/Prisonbreak/Content/CustomMaps/UGC2095206091/PB/Items/Admin/Parent/Hammer_Master.uasset" 205
"../../../../../../!Dev/UE4/Pavlov/PB/Prisonbreak/Content/CustomMaps/UGC2095206091/PB/Miscellaneous/Sound/DeathSounds/OhShit.uasset" 206
"../../../../../../!Dev/UE4/Pavlov/PB/Prisonbreak/Content/CustomMaps/UGC2095206091/PB/Items/Admin/BanTempHammer.uasset" 207
"../../../../../../!Dev/UE4/Pavlov/PB/Prisonbreak/Content/CustomMaps/UGC2095206091/PB/Items/Admin/GuardBanTempHammer.uasset" 208
"../../../../../../!Dev/UE4/Pavlov/PB/Prisonbreak/Content/CustomMaps/UGC2095206091/PB/Miscellaneous/Materials/BasicColors/BasicGreen.uasset" 209
"../../../../../../!Dev/UE4/Pavlov/PB/Prisonbreak/Content/CustomMaps/UGC2095206091/PB/Items/Admin/InfHealthHammer.uasset" 210
"../../../../../../!Dev/UE4/Pavlov/PB/Prisonbreak/Content/CustomMaps/UGC2095206091/PB/Items/Admin/KickHammer.uasset" 211
"../../../../../../!Dev/UE4/Pavlov/PB/Prisonbreak/Content/CustomMaps/UGC2095206091/PB/Items/Admin/TeleportHammer.uasset" 212
"../../../../../../!Dev/UE4/Pavlov/PB/Prisonbreak/Content/CustomMaps/UGC2095206091/PB/UI/Font/BAHNSCHRIFT_Font.uasset" 213
"../../../../../../!Dev/UE4/Pavlov/PB/Prisonbreak/Content/CustomMaps/UGC2095206091/PB/UI/Font/VRTextMat.uasset" 214
"../../../../../../!Dev/UE4/Pavlov/PB/Prisonbreak/Content/CustomMaps/UGC2095206091/PB/Items/Guards/IDCard/Textures/Card_Diff.uasset" 215
"../../../../../../!Dev/UE4/Pavlov/PB/Prisonbreak/Content/CustomMaps/UGC2095206091/PB/Items/Guards/IDCard/Textures/Card_Normal.uasset" 216
"../../../../../../!Dev/UE4/Pavlov/PB/Prisonbreak/Content/CustomMaps/UGC2095206091/PB/Items/Guards/IDCard/Textures/Card_Roughness.uasset" 217
"../../../../../../!Dev/UE4/Pavlov/PB/Prisonbreak/Content/CustomMaps/UGC2095206091/PB/Items/Guards/IDCard/Textures/Card_Mat.uasset" 218
"../../../../../../!Dev/UE4/Pavlov/PB/Prisonbreak/Content/CustomMaps/UGC2095206091/PB/Items/Guards/IDCard/Card_model.uasset" 219
"../../../../../../!Dev/UE4/Pavlov/PB/Prisonbreak/Content/CustomMaps/UGC2095206091/PB/Items/Guards/IDCard/IDCard.uasset" 220
"../../../../../../!Dev/UE4/Pavlov/PB/Prisonbreak/Content/CustomMaps/UGC2095206091/PB/Miscellaneous/PrisonbreakItems.uasset" 221
"../../../../../../!Dev/UE4/Pavlov/PB/Prisonbreak/Content/CustomMaps/UGC2095206091/PB/Proxies/Prisonbreak_GlobalInfo.uasset" 222
"../../../../../../!Dev/UE4/Pavlov/PB/Prisonbreak/Content/CustomMaps/UGC2095206091/PB/UI/Banned/BannedBlackMaterial.uasset" 223
"../../../../../../!Dev/UE4/Pavlov/PB/Prisonbreak/Content/CustomMaps/UGC2095206091/PB/UI/Banned/Banned_Box.uasset" 224
"../../../../../../!Dev/UE4/Pavlov/PB/Prisonbreak/Content/CustomMaps/UGC2095206091/PB/UI/Banned/Banned.uasset" 225
"../../../../../../!Dev/UE4/Pavlov/PB/Prisonbreak/Content/CustomMaps/UGC2095206091/PB/UI/DedicatedOnly.uasset" 226
"../../../../../../!Dev/UE4/Pavlov/PB/Prisonbreak/Content/CustomMaps/UGC2095206091/PB/Miscellaneous/Materials/UI/GuardIconRT.uasset" 227
"../../../../../../!Dev/UE4/Pavlov/PB/Prisonbreak/Content/CustomMaps/UGC2095206091/PB/Miscellaneous/Materials/UI/GuardIconRT_Mat.uasset" 228
"../../../Engine/Content/BasicShapes/Plane.uasset" 229
"../../../../../../!Dev/UE4/Pavlov/PB/Prisonbreak/Content/CustomMaps/UGC2095206091/PB/UI/GuardIcon.uasset" 230
"../../../../../../!Dev/UE4/Pavlov/PB/Prisonbreak/Content/CustomMaps/UGC2095206091/PB/Miscellaneous/Materials/UI/Background.uasset" 231
"../../../../../../!Dev/UE4/Pavlov/PB/Prisonbreak/Content/CustomMaps/UGC2095206091/PB/Miscellaneous/Materials/UI/Button_Admin.uasset" 232
"../../../../../../!Dev/UE4/Pavlov/PB/Prisonbreak/Content/CustomMaps/UGC2095206091/PB/Miscellaneous/Materials/UI/Buttons_menu.uasset" 233
"../../../../../../!Dev/UE4/Pavlov/PB/Prisonbreak/Content/CustomMaps/UGC2095206091/PB/Miscellaneous/Materials/UI/Buttons_menu_green.uasset" 234
"../../../../../../!Dev/UE4/Pavlov/PB/Prisonbreak/Content/CustomMaps/UGC2095206091/PB/Miscellaneous/Materials/UI/Discord-Logo-Color.uasset" 235
"../../../../../../!Dev/UE4/Pavlov/PB/Prisonbreak/Content/CustomMaps/UGC2095206091/PB/Miscellaneous/Materials/UI/DiscordLogo.uasset" 236
"../../../../../../!Dev/UE4/Pavlov/PB/Prisonbreak/Content/CustomMaps/UGC2095206091/PB/Miscellaneous/Materials/UI/GuardsDesatMat.uasset" 237
"../../../../../../!Dev/UE4/Pavlov/PB/Prisonbreak/Content/CustomMaps/UGC2095206091/PB/Miscellaneous/Materials/UI/GuardsMat.uasset" 238
"../../../../../../!Dev/UE4/Pavlov/PB/Prisonbreak/Content/CustomMaps/UGC2095206091/PB/Miscellaneous/Materials/UI/Health.uasset" 239
"../../../../../../!Dev/UE4/Pavlov/PB/Prisonbreak/Content/CustomMaps/UGC2095206091/PB/Miscellaneous/Materials/UI/HealthLost.uasset" 240
"../../../../../../!Dev/UE4/Pavlov/PB/Prisonbreak/Content/CustomMaps/UGC2095206091/PB/Miscellaneous/Materials/UI/PrisonersDesatMat.uasset" 241
"../../../../../../!Dev/UE4/Pavlov/PB/Prisonbreak/Content/CustomMaps/UGC2095206091/PB/Miscellaneous/Materials/UI/PrisonersMat.uasset" 242
"../../../../../../!Dev/UE4/Pavlov/PB/Prisonbreak/Content/CustomMaps/UGC2095206091/PB/Miscellaneous/SourceReference/FP_hand_NT_01_BC.uasset" 243
"../../../../../../!Dev/UE4/Pavlov/PB/Prisonbreak/Content/CustomMaps/UGC2095206091/PB/Miscellaneous/SourceReference/FP_hand_NT_01_M.uasset" 244
"../../../../../../!Dev/UE4/Pavlov/PB/Prisonbreak/Content/CustomMaps/UGC2095206091/PB/Miscellaneous/SourceReference/FP_hand_NT_01_N.uasset" 245
"../../../../../../!Dev/UE4/Pavlov/PB/Prisonbreak/Content/CustomMaps/UGC2095206091/PB/Miscellaneous/SourceReference/FP_hand_NT_01_RO.uasset" 246
"../../../../../../!Dev/UE4/Pavlov/PB/Prisonbreak/Content/CustomMaps/UGC2095206091/PB/Miscellaneous/SourceReference/M_Hand_NT.uasset" 247
"../../../../../../!Dev/UE4/Pavlov/PB/Prisonbreak/Content/CustomMaps/UGC2095206091/PB/UI/Credits.uasset" 248
"../../../../../../!Dev/UE4/Pavlov/PB/Prisonbreak/Content/CustomMaps/UGC2095206091/PB/UI/Credits_Mat.uasset" 249
"../../../../../../!Dev/UE4/Pavlov/PB/Prisonbreak/Content/CustomMaps/UGC2095206091/PB/UI/Font/VROpacityTextMat.uasset" 250
"../../../../../../!Dev/UE4/Pavlov/PB/Prisonbreak/Content/CustomMaps/UGC2095206091/PB/Miscellaneous/Materials/UI/AdminYellow.uasset" 251
"../../../../../../!Dev/UE4/Pavlov/PB/Prisonbreak/Content/CustomMaps/UGC2095206091/PB/Miscellaneous/Materials/UI/AdminYellowdesat.uasset" 252
"../../../../../../!Dev/UE4/Pavlov/PB/Prisonbreak/Content/CustomMaps/UGC2095206091/PB/Miscellaneous/Sound/Debug.uasset" 253
"../../../../../../!Dev/UE4/Pavlov/PB/Prisonbreak/Content/CustomMaps/UGC2095206091/PB/Miscellaneous/SourceReference/hand.uasset" 254
"../../../../../../!Dev/UE4/Pavlov/PB/Prisonbreak/Content/CustomMaps/UGC2095206091/PB/UI/Widgets/ButtonWidget.uasset" 255
"../../../../../../!Dev/UE4/Pavlov/PB/Prisonbreak/Content/CustomMaps/UGC2095206091/PB/Miscellaneous/Materials/UI/Divider.uasset" 256
"../../../../../../!Dev/UE4/Pavlov/PB/Prisonbreak/Content/CustomMaps/UGC2095206091/PB/UI/Widgets/GadgetMenu.uasset" 257
"../../../../../../!Dev/UE4/Pavlov/PB/Prisonbreak/Content/CustomMaps/UGC2095206091/PB/UI/Widgets/MainScoreboard.uasset" 258
"../../../../../../!Dev/UE4/Pavlov/PB/Prisonbreak/Content/CustomMaps/UGC2095206091/PB/UI/Widgets/MenuButton.uasset" 259
"../../../../../../!Dev/UE4/Pavlov/PB/Prisonbreak/Content/CustomMaps/UGC2095206091/PB/UI/Widgets/MenuButtonBuy.uasset" 260
"../../../../../../!Dev/UE4/Pavlov/PB/Prisonbreak/Content/CustomMaps/UGC2095206091/PB/UI/Widgets/Scoreboard_Clean.uasset" 261
"../../../../../../!Dev/UE4/Pavlov/PB/Prisonbreak/Content/CustomMaps/UGC2095206091/PB/UI/Widgets/Scoreboard_Text_Role.uasset" 262
"../../../../../../!Dev/UE4/Pavlov/PB/Prisonbreak/Content/CustomMaps/UGC2095206091/PB/UI/Widgets/UpWidget.uasset" 263
"../../../../../../!Dev/UE4/Pavlov/PB/Prisonbreak/Content/CustomMaps/UGC2095206091/PB/UI/Widgets/WatchWIdget.uasset" 264
"../../../../../../!Dev/UE4/Pavlov/PB/Prisonbreak/Content/CustomMaps/UGC2095206091/PB/UI/Widgets/WatchWIdgetHealthBar.uasset" 265
"../../../../../../!Dev/UE4/Pavlov/PB/Prisonbreak/Content/CustomMaps/UGC2095206091/PB/UI/PersonalScoreboard.uasset" 266
"../../../../../../!Dev/UE4/Pavlov/PB/Prisonbreak/Content/CustomMaps/UGC2095206091/PB/Miscellaneous/Other/NoFallDamagePhysMat.uasset" 267
"../../../../../../!Dev/UE4/Pavlov/PB/Prisonbreak/Content/CustomMaps/UGC2095206091/PB/Miscellaneous/Sound/Attenuation/PickUpEquipmentAttenuation.uasset" 268
"../../../../../../!Dev/UE4/Pavlov/PB/Prisonbreak/Content/CustomMaps/UGC2095206091/PB/Miscellaneous/Sound/Pick_Up_Equipment.uasset" 269
"../../../../../../!Dev/UE4/Pavlov/PB/Prisonbreak/Content/CustomMaps/UGC2095206091/PB/UI/ServerProxy/ServerProxy.uasset" 270
"../../../../../../!Dev/UE4/Pavlov/PB/Prisonbreak/Content/CustomMaps/UGC2095206091/PB/Miscellaneous/PrisonbreakMacroLibrary.uasset" 271
"../../../../../../!Dev/UE4/Pavlov/PB/Prisonbreak/Content/CustomMaps/UGC2095206091/PB/Donator/Misc/DonatorIDCard.uasset" 272
"../../../../../../!Dev/UE4/Pavlov/PB/Prisonbreak/Content/CustomMaps/UGC2095206091/PB/Donator/Misc/DonatorScrewdriver.uasset" 273
"../../../../../../!Dev/UE4/Pavlov/PB/Prisonbreak/Content/CustomMaps/UGC2095206091/PB/Donator/Items/Lvl2/Screwdriver/Hammer/Hammer_ao.uasset" 274
"../../../../../../!Dev/UE4/Pavlov/PB/Prisonbreak/Content/CustomMaps/UGC2095206091/PB/Donator/Items/Lvl2/Screwdriver/Hammer/Hammer_BaseColor.uasset" 275
"../../../../../../!Dev/UE4/Pavlov/PB/Prisonbreak/Content/CustomMaps/UGC2095206091/PB/Donator/Items/Lvl2/Screwdriver/Hammer/Hammer_Displacement.uasset" 276
"../../../../../../!Dev/UE4/Pavlov/PB/Prisonbreak/Content/CustomMaps/UGC2095206091/PB/Donator/Items/Lvl2/Screwdriver/Hammer/Hammer_Metalness.uasset" 277
"../../../../../../!Dev/UE4/Pavlov/PB/Prisonbreak/Content/CustomMaps/UGC2095206091/PB/Donator/Items/Lvl2/Screwdriver/Hammer/Hammer_Normal.uasset" 278
"../../../../../../!Dev/UE4/Pavlov/PB/Prisonbreak/Content/CustomMaps/UGC2095206091/PB/Donator/Items/Lvl2/Screwdriver/Hammer/Hammer_Opacity.uasset" 279
"../../../../../../!Dev/UE4/Pavlov/PB/Prisonbreak/Content/CustomMaps/UGC2095206091/PB/Donator/Items/Lvl2/Screwdriver/Hammer/Hammer_Roughness.uasset" 280
"../../../../../../!Dev/UE4/Pavlov/PB/Prisonbreak/Content/CustomMaps/UGC2095206091/PB/Donator/Items/Lvl2/Screwdriver/Hammer/HammerHead.uasset" 281
"../../../../../../!Dev/UE4/Pavlov/PB/Prisonbreak/Content/CustomMaps/UGC2095206091/PB/Donator/Items/Lvl2/Screwdriver/Hammer/Hammer_ao2.uasset" 282
"../../../../../../!Dev/UE4/Pavlov/PB/Prisonbreak/Content/CustomMaps/UGC2095206091/PB/Donator/Items/Lvl2/Screwdriver/Hammer/Hammer_BaseColor2.uasset" 283
"../../../../../../!Dev/UE4/Pavlov/PB/Prisonbreak/Content/CustomMaps/UGC2095206091/PB/Donator/Items/Lvl2/Screwdriver/Hammer/Hammer_Metalness2.uasset" 284
"../../../../../../!Dev/UE4/Pavlov/PB/Prisonbreak/Content/CustomMaps/UGC2095206091/PB/Donator/Items/Lvl2/Screwdriver/Hammer/Hammer_Normal2.uasset" 285
"../../../../../../!Dev/UE4/Pavlov/PB/Prisonbreak/Content/CustomMaps/UGC2095206091/PB/Donator/Items/Lvl2/Screwdriver/Hammer/Hammer_Roughness2.uasset" 286
"../../../../../../!Dev/UE4/Pavlov/PB/Prisonbreak/Content/CustomMaps/UGC2095206091/PB/Donator/Items/Lvl2/Screwdriver/Hammer/HammerStick.uasset" 287
"../../../../../../!Dev/UE4/Pavlov/PB/Prisonbreak/Content/CustomMaps/UGC2095206091/PB/Donator/Items/Lvl2/Screwdriver/Hammer/Hammer.uasset" 288
"../../../../../../!Dev/UE4/Pavlov/PB/Prisonbreak/Content/CustomMaps/UGC2095206091/PB/Donator/Items/Lvl2/Screwdriver/HammerReworked/HammerR_Basecolor.uasset" 289
"../../../../../../!Dev/UE4/Pavlov/PB/Prisonbreak/Content/CustomMaps/UGC2095206091/PB/Donator/Items/Lvl2/Screwdriver/HammerReworked/HammerR_Metal.uasset" 290
"../../../../../../!Dev/UE4/Pavlov/PB/Prisonbreak/Content/CustomMaps/UGC2095206091/PB/Donator/Items/Lvl2/Screwdriver/HammerReworked/HammerR_Normal.uasset" 291
"../../../../../../!Dev/UE4/Pavlov/PB/Prisonbreak/Content/CustomMaps/UGC2095206091/PB/Donator/Items/Lvl2/Screwdriver/HammerReworked/HammerR_Rough.uasset" 292
"../../../../../../!Dev/UE4/Pavlov/PB/Prisonbreak/Content/CustomMaps/UGC2095206091/PB/Donator/Items/Lvl2/Screwdriver/HammerReworked/HammerRMat.uasset" 293
"../../../../../../!Dev/UE4/Pavlov/PB/Prisonbreak/Content/CustomMaps/UGC2095206091/PB/Donator/Items/Lvl2/Screwdriver/HammerReworked/hammerreworked.uasset" 294
"../../../../../../!Dev/UE4/Pavlov/PB/Prisonbreak/Content/CustomMaps/UGC2095206091/PB/Donator/Items/Lvl2/Screwdriver/Knife/Knife_ao.uasset" 295
"../../../../../../!Dev/UE4/Pavlov/PB/Prisonbreak/Content/CustomMaps/UGC2095206091/PB/Donator/Items/Lvl2/Screwdriver/Knife/Knife_BaseColor.uasset" 296
"../../../../../../!Dev/UE4/Pavlov/PB/Prisonbreak/Content/CustomMaps/UGC2095206091/PB/Donator/Items/Lvl2/Screwdriver/Knife/Knife_Metalness.uasset" 297
"../../../../../../!Dev/UE4/Pavlov/PB/Prisonbreak/Content/CustomMaps/UGC2095206091/PB/Donator/Items/Lvl2/Screwdriver/Knife/Knife_Normal.uasset" 298
"../../../../../../!Dev/UE4/Pavlov/PB/Prisonbreak/Content/CustomMaps/UGC2095206091/PB/Donator/Items/Lvl2/Screwdriver/Knife/Knife_Roughness.uasset" 299
"../../../../../../!Dev/UE4/Pavlov/PB/Prisonbreak/Content/CustomMaps/UGC2095206091/PB/Donator/Items/Lvl2/Screwdriver/Knife/KnifeMat.uasset" 300
"../../../../../../!Dev/UE4/Pavlov/PB/Prisonbreak/Content/CustomMaps/UGC2095206091/PB/Donator/Items/Lvl2/Screwdriver/Knife/Knife.uasset" 301
"../../../../../../!Dev/UE4/Pavlov/PB/Prisonbreak/Content/CustomMaps/UGC2095206091/PB/Donator/Items/Lvl3/CandyCane/candy_AO.uasset" 302
"../../../../../../!Dev/UE4/Pavlov/PB/Prisonbreak/Content/CustomMaps/UGC2095206091/PB/Donator/Items/Lvl3/CandyCane/candy_metallic.uasset" 303
"../../../../../../!Dev/UE4/Pavlov/PB/Prisonbreak/Content/CustomMaps/UGC2095206091/PB/Donator/Items/Lvl3/CandyCane/candy_normal.uasset" 304
"../../../../../../!Dev/UE4/Pavlov/PB/Prisonbreak/Content/CustomMaps/UGC2095206091/PB/Donator/Items/Lvl3/CandyCane/candy_roughness.uasset" 305
"../../../../../../!Dev/UE4/Pavlov/PB/Prisonbreak/Content/CustomMaps/UGC2095206091/PB/Donator/Items/Lvl3/CandyCane/Candymatbase.uasset" 306
"../../../../../../!Dev/UE4/Pavlov/PB/Prisonbreak/Content/CustomMaps/UGC2095206091/PB/Donator/Items/Lvl3/CandyCane/candymat.uasset" 307
"../../../../../../!Dev/UE4/Pavlov/PB/Prisonbreak/Content/CustomMaps/UGC2095206091/PB/Donator/Items/Lvl3/CandyCane/candycane.uasset" 308
"../../../../../../!Dev/UE4/Pavlov/PB/Prisonbreak/Content/CustomMaps/UGC2095206091/PB/Donator/Misc/BlankDonatorScrewdriver.uasset" 309
"../../../../../../!Dev/UE4/Pavlov/PB/Prisonbreak/Content/CustomMaps/UGC2095206091/PB/Items/Prisoners/Screwdriver/Screwdriver_fbx.uasset" 310
"../../../../../../!Dev/UE4/Pavlov/PB/Prisonbreak/Content/CustomMaps/UGC2095206091/PB/Miscellaneous/Sound/Pick_from_Holster.uasset" 311
"../../../../../../!Dev/UE4/Pavlov/PB/Prisonbreak/Content/CustomMaps/UGC2095206091/PB/Miscellaneous/Sound/Put_Holster.uasset" 312
"../../../../../../!Dev/UE4/Pavlov/PB/Prisonbreak/Content/CustomMaps/UGC2095206091/PB/Donator/UI/DonatorProxy/DonatorProxy.uasset" 313
"../../../../../../!Dev/UE4/Pavlov/PB/Prisonbreak/Content/CustomMaps/UGC2095206091/PB/Donator/Items/Lvl1/IDCard/Card_Green.uasset" 314
"../../../../../../!Dev/UE4/Pavlov/PB/Prisonbreak/Content/CustomMaps/UGC2095206091/PB/Donator/Items/Lvl1/IDCard/CardMat_Green.uasset" 315
"../../../../../../!Dev/UE4/Pavlov/PB/Prisonbreak/Content/CustomMaps/UGC2095206091/PB/Donator/Items/Lvl1/IDCard/Card_GeorgeMendez.uasset" 316
"../../../../../../!Dev/UE4/Pavlov/PB/Prisonbreak/Content/CustomMaps/UGC2095206091/PB/Donator/Items/Lvl1/IDCard/CardMat_Pink.uasset" 317
"../../../../../../!Dev/UE4/Pavlov/PB/Prisonbreak/Content/CustomMaps/UGC2095206091/PB/Donator/Items/Lvl2/IDCard/Card_Orange.uasset" 318
"../../../../../../!Dev/UE4/Pavlov/PB/Prisonbreak/Content/CustomMaps/UGC2095206091/PB/Donator/Items/Lvl2/IDCard/CardMat_Orange.uasset" 319
"../../../../../../!Dev/UE4/Pavlov/PB/Prisonbreak/Content/CustomMaps/UGC2095206091/PB/Donator/Items/Lvl3/Screwdriver/SpectrumH.uasset" 320
"../../../../../../!Dev/UE4/Pavlov/PB/Prisonbreak/Content/CustomMaps/UGC2095206091/PB/Donator/Items/Lvl3/Screwdriver/SpectrumV.uasset" 321
"../../../../../../!Dev/UE4/Pavlov/PB/Prisonbreak/Content/CustomMaps/UGC2095206091/PB/Donator/Items/Lvl3/IDCards/Card_Rainbow.uasset" 322
"../../../../../../!Dev/UE4/Pavlov/PB/Prisonbreak/Content/CustomMaps/UGC2095206091/PB/Donator/Misc/DonatorIDCardTable.uasset" 323
"../../../../../../!Dev/UE4/Pavlov/PB/Prisonbreak/Content/CustomMaps/UGC2095206091/PB/Donator/Items/Lvl1/Screwdriver/sdblue.uasset" 324
"../../../../../../!Dev/UE4/Pavlov/PB/Prisonbreak/Content/CustomMaps/UGC2095206091/PB/Donator/Items/Lvl1/Screwdriver/sdgreen.uasset" 325
"../../../../../../!Dev/UE4/Pavlov/PB/Prisonbreak/Content/CustomMaps/UGC2095206091/PB/Donator/Items/Lvl1/Screwdriver/sdred.uasset" 326
"../../../Engine/Content/Functions/Engine_MaterialFunctions02/Utility/BreakOutFloat3Components.uasset" 327
"../../../Engine/Content/Functions/Engine_MaterialFunctions02/WorldPositionOffset/LocalPosition.uasset" 328
"../../../../../../!Dev/UE4/Pavlov/PB/Prisonbreak/Content/CustomMaps/UGC2095206091/PB/Donator/Items/Lvl3/Screwdriver/DLava.uasset" 329
"../../../../../../!Dev/UE4/Pavlov/PB/Prisonbreak/Content/CustomMaps/UGC2095206091/PB/Donator/Items/Lvl3/Screwdriver/DLava_nomove.uasset" 330
"../../../../../../!Dev/UE4/Pavlov/PB/Prisonbreak/Content/CustomMaps/UGC2095206091/PB/Donator/Items/Lvl3/Screwdriver/DPlasma.uasset" 331
"../../../../../../!Dev/UE4/Pavlov/PB/Prisonbreak/Content/CustomMaps/UGC2095206091/PB/Donator/Items/Lvl3/Screwdriver/DPlasma_nomove.uasset" 332
"../../../../../../!Dev/UE4/Pavlov/PB/Prisonbreak/Content/CustomMaps/UGC2095206091/PB/Donator/Items/Lvl3/Screwdriver/screwdriver_rainbow.uasset" 333
"../../../../../../!Dev/UE4/Pavlov/PB/Prisonbreak/Content/CustomMaps/UGC2095206091/PB/Donator/Misc/DonatorScrewdriverTable.uasset" 334
"../../../../../../!Dev/UE4/Pavlov/PB/Prisonbreak/Content/CustomMaps/UGC2095206091/PB/Donator/UI/Materials/Donatorgreen.uasset" 335
"../../../../../../!Dev/UE4/Pavlov/PB/Prisonbreak/Content/CustomMaps/UGC2095206091/PB/Donator/UI/Materials/DonatorMat.uasset" 336
"../../../../../../!Dev/UE4/Pavlov/PB/Prisonbreak/Content/CustomMaps/UGC2095206091/PB/Donator/UI/Materials/Donatorred.uasset" 337
"../../../../../../!Dev/UE4/Pavlov/PB/Prisonbreak/Content/CustomMaps/UGC2095206091/PB/Donator/UI/Materials/DonatorSpecial.uasset" 338
"../../../../../../!Dev/UE4/Pavlov/PB/Prisonbreak/Content/CustomMaps/UGC2095206091/PB/Donator/UI/Materials/Level1Donator.uasset" 339
"../../../../../../!Dev/UE4/Pavlov/PB/Prisonbreak/Content/CustomMaps/UGC2095206091/PB/Donator/UI/Materials/Level2Donator.uasset" 340
"../../../../../../!Dev/UE4/Pavlov/PB/Prisonbreak/Content/CustomMaps/UGC2095206091/PB/Donator/UI/Materials/Level3Donator.uasset" 341
"../../../../../../!Dev/UE4/Pavlov/PB/Prisonbreak/Content/CustomMaps/UGC2095206091/PB/Donator/UI/DonatorScoreboard.uasset" 342
"../../../../../../!Dev/UE4/Pavlov/PB/Prisonbreak/Content/CustomMaps/UGC2095206091/AMM/Proxies/AdvancedMovement_Interface.uasset" 343
"../../../../../../!Dev/UE4/Pavlov/PB/Prisonbreak/Content/CustomMaps/UGC2095206091/AMM/Miscellaneous/InteractKind.uasset" 344
"../../../../../../!Dev/UE4/Pavlov/PB/Prisonbreak/Content/CustomMaps/UGC2095206091/AMM/Miscellaneous/Interact_Structure_AMM.uasset" 345
"../../../../../../!Dev/UE4/Pavlov/PB/Prisonbreak/Content/CustomMaps/UGC2095206091/AMM/Proxies/AdvancedMovement_HandProxy.uasset" 346
"../../../../../../!Dev/UE4/Pavlov/PB/Prisonbreak/Content/CustomMaps/UGC2095206091/AMM/UI/Images/border.uasset" 347
"../../../../../../!Dev/UE4/Pavlov/PB/Prisonbreak/Content/CustomMaps/UGC2095206091/AMM/UI/Images/Button.uasset" 348
"../../../../../../!Dev/UE4/Pavlov/PB/Prisonbreak/Content/CustomMaps/UGC2095206091/AMM/UI/Images/SettingsIcon.uasset" 349
"../../../../../../!Dev/UE4/Pavlov/PB/Prisonbreak/Content/CustomMaps/UGC2095206091/AMM/UI/SettingsMenu.uasset" 350
"../../../../../../!Dev/UE4/Pavlov/PB/Prisonbreak/Content/CustomMaps/UGC2095206091/AMM/Miscellaneous/Sounds/Default.uasset" 351
"../../../../../../!Dev/UE4/Pavlov/PB/Prisonbreak/Content/CustomMaps/UGC2095206091/AMM/Miscellaneous/Sounds/Falldamage/PVR_SFX_FallDamage_Mono_2_1.uasset" 352
"../../../../../../!Dev/UE4/Pavlov/PB/Prisonbreak/Content/CustomMaps/UGC2095206091/AMM/Miscellaneous/Sounds/Falldamage/PVR_SFX_FallDamage_Mono_2_2.uasset" 353
"../../../../../../!Dev/UE4/Pavlov/PB/Prisonbreak/Content/CustomMaps/UGC2095206091/AMM/Miscellaneous/Sounds/Falldamage/PVR_SFX_FallDamage_Mono_2_3.uasset" 354
"../../../../../../!Dev/UE4/Pavlov/PB/Prisonbreak/Content/CustomMaps/UGC2095206091/AMM/Miscellaneous/Sounds/Falldamage/PVR_SFX_FallDamage_Mono_2_4.uasset" 355
"../../../../../../!Dev/UE4/Pavlov/PB/Prisonbreak/Content/CustomMaps/UGC2095206091/AMM/Miscellaneous/Sounds/Falldamage/PVR_SFX_FallDamage_Mono_2_5.uasset" 356
"../../../../../../!Dev/UE4/Pavlov/PB/Prisonbreak/Content/CustomMaps/UGC2095206091/AMM/Miscellaneous/Sounds/Falldamage/PVR_SFX_FallDamage_Mono_2_5-2.uasset" 357
"../../../../../../!Dev/UE4/Pavlov/PB/Prisonbreak/Content/CustomMaps/UGC2095206091/AMM/Miscellaneous/Sounds/Falldamage/PVR_SFX_FallDamage_Mono_2_6.uasset" 358
"../../../../../../!Dev/UE4/Pavlov/PB/Prisonbreak/Content/CustomMaps/UGC2095206091/AMM/Miscellaneous/Sounds/SW_Wind_RushingLoop1.uasset" 359
"../../../../../../!Dev/UE4/Pavlov/PB/Prisonbreak/Content/CustomMaps/UGC2095206091/AMM/Movement/NoFallDamagePhysMat.uasset" 360
"../../Plugins/Runtime/Oculus/OculusVR/Content/Textures/touchController_albedo.uasset" 361
"../../Plugins/Runtime/Oculus/OculusVR/Content/Textures/touchController_controlmap.uasset" 362
"../../Plugins/Runtime/Oculus/OculusVR/Content/Materials/touchController_mat.uasset" 363
"../../Plugins/Runtime/Oculus/OculusVR/Content/Meshes/LeftTouchController.uasset" 364
"../../Plugins/Runtime/Oculus/OculusVR/Content/Meshes/RightTouchController.uasset" 365
"../../../../../../!Dev/UE4/Pavlov/PB/Prisonbreak/Content/CustomMaps/UGC2095206091/AMM/Proxies/AdvancedMovement_PlayerProxy.uasset" 366
"../../../../../../!Dev/UE4/Pavlov/PB/Prisonbreak/Content/CustomMaps/UGC2095206091/PB/Items/Guards/IDCard/IDCard_OverlapBox.uasset" 367
"../../../../../../!Dev/UE4/Pavlov/PB/Prisonbreak/Content/CustomMaps/UGC2095206091/PB/Items/Guards/IDCard/IDCardcollider.uasset" 368
"../../../../../../!Dev/UE4/Pavlov/PB/Prisonbreak/Content/CustomMaps/UGC2095206091/PB/Items/Prisoners/Screwdriver/Screwdriver_OverlapBox.uasset" 369
"../../../../../../!Dev/UE4/Pavlov/PB/Prisonbreak/Content/CustomMaps/UGC2095206091/PB/Miscellaneous/Attenuation/Voice_Default.uasset" 370
"../../../../../../!Dev/UE4/Pavlov/PB/Prisonbreak/Content/CustomMaps/UGC2095206091/PB/Miscellaneous/Attenuation/Voice_Guard.uasset" 371
"../../../../../../!Dev/UE4/Pavlov/PB/Prisonbreak/Content/CustomMaps/UGC2095206091/PB/Miscellaneous/Attenuation/Voice_Mute.uasset" 372
"../../../../../../!Dev/UE4/Pavlov/PB/Prisonbreak/Content/CustomMaps/UGC2095206091/PB/Miscellaneous/Attenuation/Voice_Prisoner.uasset" 373
"../../../../../../!Dev/UE4/Pavlov/PB/Prisonbreak/Content/CustomMaps/UGC2095206091/PB/Miscellaneous/Sound/Announcer/Mute/mute1.uasset" 374
"../../../../../../!Dev/UE4/Pavlov/PB/Prisonbreak/Content/CustomMaps/UGC2095206091/PB/Miscellaneous/Sound/Announcer/Mute/unmute1.uasset" 375
"../../../../../../!Dev/UE4/Pavlov/PB/Prisonbreak/Content/CustomMaps/UGC2095206091/PB/Proxies/Prisonbreak_PlayerProxy.uasset" 376
"../../../../../../!Dev/UE4/Pavlov/PB/Prisonbreak/Content/CustomMaps/UGC2095206091/PB/Donator/DonatorLogic.uasset" 377
"../../../../../../!Dev/UE4/Pavlov/PB/Prisonbreak/Content/CustomMaps/UGC2095206091/PB/Miscellaneous/Ghost/Material.uasset" 378
"../../../../../../!Dev/UE4/Pavlov/PB/Prisonbreak/Content/CustomMaps/UGC2095206091/PB/Miscellaneous/Ghost/ghost.uasset" 379
"../../../../../../!Dev/UE4/Pavlov/PB/Prisonbreak/Content/CustomMaps/UGC2095206091/PB/Miscellaneous/Ghost/GhostProxy.uasset" 380
"../../../../../../!Dev/UE4/Pavlov/PB/Prisonbreak/Plugins/Prisonbreak/Content/DeveloperMode/Mannequin/Character/Mesh/SK_Mannequin_Arms_Skeleton.uasset" 381
"../../../../../../!Dev/UE4/Pavlov/PB/Prisonbreak/Plugins/Prisonbreak/Content/DeveloperMode/Mannequin/Animations/FirstPerson_Idle.uasset" 382
"../../../../../../!Dev/UE4/Pavlov/PB/Prisonbreak/Plugins/Prisonbreak/Content/DeveloperMode/Mannequin/Animations/FirstPerson_JumpEnd.uasset" 383
"../../../../../../!Dev/UE4/Pavlov/PB/Prisonbreak/Plugins/Prisonbreak/Content/DeveloperMode/Mannequin/Animations/FirstPerson_JumpLoop.uasset" 384
"../../../../../../!Dev/UE4/Pavlov/PB/Prisonbreak/Plugins/Prisonbreak/Content/DeveloperMode/Mannequin/Animations/FirstPerson_JumpStart.uasset" 385
"../../../../../../!Dev/UE4/Pavlov/PB/Prisonbreak/Plugins/Prisonbreak/Content/DeveloperMode/Mannequin/Animations/FirstPerson_Run.uasset" 386
"../../../../../../!Dev/UE4/Pavlov/PB/Prisonbreak/Plugins/Prisonbreak/Content/DeveloperMode/Mannequin/Animations/FirstPerson_AnimBP.uasset" 387
"../../../../../../!Dev/UE4/Pavlov/PB/Prisonbreak/Plugins/Prisonbreak/Content/DeveloperMode/Mannequin/Character/Mesh/MannequinHand_Right_Skeleton.uasset" 388
"../../../../../../!Dev/UE4/Pavlov/PB/Prisonbreak/Plugins/Prisonbreak/Content/DeveloperMode/Mannequin/Animations/MannequinHand_Right_CanGrab.uasset" 389
"../../../../../../!Dev/UE4/Pavlov/PB/Prisonbreak/Plugins/Prisonbreak/Content/DeveloperMode/Mannequin/Animations/MannequinHand_Right_Grab.uasset" 390
"../../../../../../!Dev/UE4/Pavlov/PB/Prisonbreak/Plugins/Prisonbreak/Content/DeveloperMode/Mannequin/Animations/MannequinHand_Right_Open.uasset" 391
"../../../../../../!Dev/UE4/Pavlov/PB/Prisonbreak/Plugins/Prisonbreak/Content/DeveloperMode/Mannequin/Animations/RightGrip_BS.uasset" 392
"../../../../../../!Dev/UE4/Pavlov/PB/Prisonbreak/Plugins/Prisonbreak/Content/DeveloperMode/Mannequin/Animations/GripEnum.uasset" 393
"../../../../../../!Dev/UE4/Pavlov/PB/Prisonbreak/Plugins/Prisonbreak/Content/DeveloperMode/Mannequin/Animations/RightHand_AnimBP.uasset" 394
"../../../../../../!Dev/UE4/Pavlov/PB/Prisonbreak/Plugins/Prisonbreak/Content/DeveloperMode/Mannequin/Character/Mesh/UE4_Mannequin_Skeleton.uasset" 395
"../../../../../../!Dev/UE4/Pavlov/PB/Prisonbreak/Plugins/Prisonbreak/Content/DeveloperMode/Mannequin/Animations/ThirdPerson_Jump.uasset" 396
"../../../../../../!Dev/UE4/Pavlov/PB/Prisonbreak/Plugins/Prisonbreak/Content/DeveloperMode/Mannequin/Animations/ThirdPersonJump_Loop.uasset" 397
"../../../../../../!Dev/UE4/Pavlov/PB/Prisonbreak/Plugins/Prisonbreak/Content/DeveloperMode/Mannequin/Animations/ThirdPersonJump_Start.uasset" 398
"../../../../../../!Dev/UE4/Pavlov/PB/Prisonbreak/Plugins/Prisonbreak/Content/DeveloperMode/Mannequin/Animations/ThirdPersonIdle.uasset" 399
"../../../../../../!Dev/UE4/Pavlov/PB/Prisonbreak/Plugins/Prisonbreak/Content/DeveloperMode/Mannequin/Animations/ThirdPersonRun.uasset" 400
"../../../../../../!Dev/UE4/Pavlov/PB/Prisonbreak/Plugins/Prisonbreak/Content/DeveloperMode/Mannequin/Animations/ThirdPersonWalk.uasset" 401
"../../../../../../!Dev/UE4/Pavlov/PB/Prisonbreak/Plugins/Prisonbreak/Content/DeveloperMode/Mannequin/Animations/ThirdPerson_IdleRun_2D.uasset" 402
"../../../../../../!Dev/UE4/Pavlov/PB/Prisonbreak/Plugins/Prisonbreak/Content/DeveloperMode/Mannequin/Animations/ThirdPerson_AnimBP.uasset" 403
"../../../../../../!Dev/UE4/Pavlov/PB/Prisonbreak/Plugins/Prisonbreak/Content/DeveloperMode/Mannequin/Animations/FirstPerson_Fire.uasset" 404
"../../../../../../!Dev/UE4/Pavlov/PB/Prisonbreak/Plugins/Prisonbreak/Content/DeveloperMode/Mannequin/Animations/FirstPersonFire_Montage.uasset" 405
"../../../../../../!Dev/UE4/Pavlov/PB/Prisonbreak/Plugins/Prisonbreak/Content/DeveloperMode/Pawn/BulletFade.uasset" 406
"../../../../../../!Dev/UE4/Pavlov/PB/Prisonbreak/Plugins/Prisonbreak/Content/DeveloperMode/Pawn/BulletTrace2.uasset" 407
"../../../../../../!Dev/UE4/Pavlov/PB/Prisonbreak/Plugins/Prisonbreak/Content/DeveloperMode/Pawn/FirstPersonProjectile.uasset" 408
"../../../../../../!Dev/UE4/Pavlov/PB/Prisonbreak/Plugins/Prisonbreak/Content/DeveloperMode/Mannequin/Character/Textures/UE4_Mannequin__normals.uasset" 409
"../../../../../../!Dev/UE4/Pavlov/PB/Prisonbreak/Plugins/Prisonbreak/Content/DeveloperMode/Mannequin/Character/Textures/UE4_Mannequin_MAT_MASKA.uasset" 410
"../../../../../../!Dev/UE4/Pavlov/PB/Prisonbreak/Plugins/Prisonbreak/Content/DeveloperMode/Mannequin/Character/Materials/M_HandMat.uasset" 411
"../../../../../../!Dev/UE4/Pavlov/PB/Prisonbreak/Plugins/Prisonbreak/Content/DeveloperMode/Mannequin/Character/Mesh/MannequinHand_Right_PhysicsAsset.uasset" 412
"../../../../../../!Dev/UE4/Pavlov/PB/Prisonbreak/Plugins/Prisonbreak/Content/DeveloperMode/Mannequin/Character/Mesh/MannequinHand_Right.uasset" 413
"../../../Engine/Content/Functions/Engine_MaterialFunctions02/Utility/BlendAngleCorrectedNormals.uasset" 414
"../../../Engine/Content/Functions/MaterialLayerFunctions/MatLayerBlend_NormalBlend.uasset" 415
"../../../Engine/Content/Functions/MaterialLayerFunctions/MatLayerBlend_Simple.uasset" 416
"../../../../../../!Dev/UE4/Pavlov/PB/Prisonbreak/Plugins/Prisonbreak/Content/DeveloperMode/Mannequin/Character/Materials/MaterialLayers/T_ML_Rubber_Blue_01_D.uasset" 417
"../../../../../../!Dev/UE4/Pavlov/PB/Prisonbreak/Plugins/Prisonbreak/Content/DeveloperMode/Mannequin/Character/Materials/MaterialLayers/T_ML_Rubber_Blue_01_N.uasset" 418
"../../../../../../!Dev/UE4/Pavlov/PB/Prisonbreak/Plugins/Prisonbreak/Content/DeveloperMode/Mannequin/Character/Materials/MaterialLayers/ML_GlossyBlack_Latex_UE4.uasset" 419
"../../../../../../!Dev/UE4/Pavlov/PB/Prisonbreak/Plugins/Prisonbreak/Content/DeveloperMode/Mannequin/Character/Materials/MaterialLayers/ML_Plastic_Shiny_Beige.uasset" 420
"../../../../../../!Dev/UE4/Pavlov/PB/Prisonbreak/Plugins/Prisonbreak/Content/DeveloperMode/Mannequin/Character/Textures/UE4_LOGO_CARD.uasset" 421
"../../../../../../!Dev/UE4/Pavlov/PB/Prisonbreak/Plugins/Prisonbreak/Content/DeveloperMode/Mannequin/Character/Materials/MaterialLayers/ML_Plastic_Shiny_Beige_LOGO.uasset" 422
"../../../../../../!Dev/UE4/Pavlov/PB/Prisonbreak/Plugins/Prisonbreak/Content/DeveloperMode/Mannequin/Character/Materials/MaterialLayers/T_ML_Aluminum01.uasset" 423
"../../../../../../!Dev/UE4/Pavlov/PB/Prisonbreak/Plugins/Prisonbreak/Content/DeveloperMode/Mannequin/Character/Materials/MaterialLayers/T_ML_Aluminum01_N.uasset" 424
"../../../../../../!Dev/UE4/Pavlov/PB/Prisonbreak/Plugins/Prisonbreak/Content/DeveloperMode/Mannequin/Character/Materials/MaterialLayers/ML_SoftMetal_UE4.uasset" 425
"../../../../../../!Dev/UE4/Pavlov/PB/Prisonbreak/Plugins/Prisonbreak/Content/DeveloperMode/Mannequin/Character/Materials/M_UE4Man_Body.uasset" 426
"../../../../../../!Dev/UE4/Pavlov/PB/Prisonbreak/Plugins/Prisonbreak/Content/DeveloperMode/Mannequin/Character/Textures/UE4Man_Logo_N.uasset" 427
"../../../../../../!Dev/UE4/Pavlov/PB/Prisonbreak/Plugins/Prisonbreak/Content/DeveloperMode/Mannequin/Character/Materials/M_UE4Man_ChestLogo.uasset" 428
"../../../../../../!Dev/UE4/Pavlov/PB/Prisonbreak/Plugins/Prisonbreak/Content/DeveloperMode/Mannequin/Character/Mesh/SK_Mannequin_PhysicsAsset.uasset" 429
"../../../../../../!Dev/UE4/Pavlov/PB/Prisonbreak/Plugins/Prisonbreak/Content/DeveloperMode/Mannequin/Character/Mesh/SK_Mannequin.uasset" 430
"../../../../../../!Dev/UE4/Pavlov/PB/Prisonbreak/Plugins/Prisonbreak/Content/DeveloperMode/Mannequin/Character/Mesh/SK_Mannequin_Arms_PhysicsAsset.uasset" 431
"../../../../../../!Dev/UE4/Pavlov/PB/Prisonbreak/Plugins/Prisonbreak/Content/DeveloperMode/Mannequin/Character/Mesh/SK_Mannequin_Arms.uasset" 432
"../../../../../../!Dev/UE4/Pavlov/PB/Prisonbreak/Plugins/Prisonbreak/Content/DeveloperMode/Pawn/Audio/FirstPersonTemplateWeaponFire02.uasset" 433
"../../../../../../!Dev/UE4/Pavlov/PB/Prisonbreak/Plugins/Prisonbreak/Content/DeveloperMode/Weapon/Materials/MaterialLayers/T_ML_Rubber_Blue_01_D.uasset" 434
"../../../../../../!Dev/UE4/Pavlov/PB/Prisonbreak/Plugins/Prisonbreak/Content/DeveloperMode/Weapon/Materials/MaterialLayers/T_ML_Rubber_Blue_01_N.uasset" 435
"../../../../../../!Dev/UE4/Pavlov/PB/Prisonbreak/Plugins/Prisonbreak/Content/DeveloperMode/Weapon/Materials/MaterialLayers/ML_GlossyBlack_Latex_UE4.uasset" 436
"../../../../../../!Dev/UE4/Pavlov/PB/Prisonbreak/Plugins/Prisonbreak/Content/DeveloperMode/Weapon/Materials/MaterialLayers/ML_Plastic_Shiny_Beige.uasset" 437
"../../../../../../!Dev/UE4/Pavlov/PB/Prisonbreak/Plugins/Prisonbreak/Content/DeveloperMode/Weapon/Materials/MaterialLayers/ML_Screen.uasset" 438
"../../../../../../!Dev/UE4/Pavlov/PB/Prisonbreak/Plugins/Prisonbreak/Content/DeveloperMode/Weapon/Materials/MaterialLayers/T_ML_Aluminum01.uasset" 439
"../../../../../../!Dev/UE4/Pavlov/PB/Prisonbreak/Plugins/Prisonbreak/Content/DeveloperMode/Weapon/Materials/MaterialLayers/T_ML_Aluminum01_N.uasset" 440
"../../../../../../!Dev/UE4/Pavlov/PB/Prisonbreak/Plugins/Prisonbreak/Content/DeveloperMode/Weapon/Materials/MaterialLayers/ML_SoftMetal_UE4.uasset" 441
"../../../../../../!Dev/UE4/Pavlov/PB/Prisonbreak/Plugins/Prisonbreak/Content/DeveloperMode/Weapon/Textures/T_FPGun_M.uasset" 442
"../../../../../../!Dev/UE4/Pavlov/PB/Prisonbreak/Plugins/Prisonbreak/Content/DeveloperMode/Weapon/Textures/T_FPGun_N.uasset" 443
"../../../../../../!Dev/UE4/Pavlov/PB/Prisonbreak/Plugins/Prisonbreak/Content/DeveloperMode/Weapon/Materials/M_FPGun.uasset" 444
"../../../../../../!Dev/UE4/Pavlov/PB/Prisonbreak/Plugins/Prisonbreak/Content/DeveloperMode/Weapon/Mesh/SK_FPGun_Skeleton.uasset" 445
"../../../../../../!Dev/UE4/Pavlov/PB/Prisonbreak/Plugins/Prisonbreak/Content/DeveloperMode/Weapon/Mesh/SK_FPGun.uasset" 446
"../../../../../../!Dev/UE4/Pavlov/PB/Prisonbreak/Plugins/Prisonbreak/Content/DeveloperMode/Pawn/FirstPersonCharacter.uasset" 447
"../../../../../../!Dev/UE4/Pavlov/PB/Prisonbreak/Content/CustomMaps/UGC2095206091/PB/Miscellaneous/Sound/Announcer/Countdown/roundend_10s.uasset" 448
"../../../../../../!Dev/UE4/Pavlov/PB/Prisonbreak/Content/CustomMaps/UGC2095206091/PB/Miscellaneous/Sound/Announcer/Countdown/roundend_30s.uasset" 449
"../../../../../../!Dev/UE4/Pavlov/PB/Prisonbreak/Content/CustomMaps/UGC2095206091/PB/Miscellaneous/Sound/Announcer/Countdown/roundend_60s.uasset" 450
"../../../../../../!Dev/UE4/Pavlov/PB/Prisonbreak/Content/CustomMaps/UGC2095206091/PB/Miscellaneous/Sound/Announcer/States/lastprisoner.uasset" 451
"../../../../../../!Dev/UE4/Pavlov/PB/Prisonbreak/Content/CustomMaps/UGC2095206091/PB/Miscellaneous/Sound/cinematicboom.uasset" 452
"../../../../../../!Dev/UE4/Pavlov/PB/Prisonbreak/Content/CustomMaps/UGC2095206091/PB/Miscellaneous/Sound/RoundEnded.uasset" 453
"../../../../../../!Dev/UE4/Pavlov/PB/Prisonbreak/Content/CustomMaps/UGC2095206091/PB/PrisonbreakGameLogic.uasset" 454
"../../../../../../!Dev/UE4/Pavlov/PB/Prisonbreak/Content/CustomMaps/UGC2095206091/PB/Miscellaneous/PrisonbreakFunctionLibrary.uasset" 455
"../../../../../../!Dev/UE4/Pavlov/PB/Prisonbreak/Content/CustomMaps/UGC2095206091/PB/Miscellaneous/Sound/Attenuation/Normal.uasset" 456
"../../../../../../!Dev/UE4/Pavlov/PB/Prisonbreak/Content/CustomMaps/UGC2095206091/PB/Miscellaneous/Sound/beep.uasset" 457
"../../../../../../!Dev/UE4/Pavlov/PB/Prisonbreak/Content/CustomMaps/UGC2095206091/PB_Templates/Blueprints/Templates/Meshes/Dynamic_BoxCentered.uasset" 458
"../../../../../../!Dev/UE4/Pavlov/PB/Prisonbreak/Content/CustomMaps/UGC2095206091/PB_Templates/Blueprints/Buttons/Button_Master.uasset" 459
"../../../../../../!Dev/UE4/Pavlov/PB/Prisonbreak/Content/CustomMaps/UGC2095206091/PB_Templates/Blueprints/Templates/Meshes/CellDoor_Mesh.uasset" 460
"../../../../../../!Dev/UE4/Pavlov/PB/Prisonbreak/Content/CustomMaps/UGC2095206091/PB_Templates/Blueprints/Cells/Celldoor.uasset" 461
"../../../../../../!Dev/UE4/Pavlov/PB/Prisonbreak/Content/CustomMaps/UGC2095206091/PB_Templates/Blueprints/Templates/Meshes/Button_Mesh.uasset" 462
"../../../../../../!Dev/UE4/Pavlov/PB/Prisonbreak/Content/CustomMaps/UGC2095206091/PB_Templates/Sounds/jaildoorsopen.uasset" 463
"../../../../../../!Dev/UE4/Pavlov/PB/Prisonbreak/Content/CustomMaps/UGC2095206091/PB_Templates/Blueprints/Cells/CellButton.uasset" 464
"../../../Engine/Content/EditorResources/S_Player.uasset" 465
"../../../../../../!Dev/UE4/Pavlov/PB/Prisonbreak/Content/CustomMaps/UGC2095206091/PB/Miscellaneous/Icons/PBPlayerSpawnGuard.uasset" 466
"../../../../../../!Dev/UE4/Pavlov/PB/Prisonbreak/Content/CustomMaps/UGC2095206091/PB/Miscellaneous/Icons/PBPlayerSpawnPrisoner.uasset" 467
"../../../../../../!Dev/UE4/Pavlov/PB/Prisonbreak/Content/CustomMaps/UGC2095206091/PB/PlayerSpawn_PB.uasset" 468
"../../../../../../!Dev/UE4/Pavlov/PB/Prisonbreak/Content/CustomMaps/UGC2095206091/PB/Miscellaneous/Icons/AdminSigns.uasset" 469
"../../../../../../!Dev/UE4/Pavlov/PB/Prisonbreak/Content/CustomMaps/UGC2095206091/PB/Spawns/Admin/Parent/SpawnHammer_Master.uasset" 470
"../../../../../../!Dev/UE4/Pavlov/PB/Prisonbreak/Plugins/CustomMapTools/Content/Blueprints/BP_LootSpawnerProxy.uasset" 471
"../../../../../../!Dev/UE4/Pavlov/PB/Prisonbreak/Content/CustomMaps/UGC2095206091/PB/Spawns/Weapons/Ammunition.uasset" 472
"../../../../../../!Dev/UE4/Pavlov/PB/Prisonbreak/Content/CustomMaps/UGC2095206091/PB/Spawns/Weapons/GuardID_NoOwner.uasset" 473
"../../../../../../!Dev/UE4/Pavlov/PB/Prisonbreak/Content/CustomMaps/UGC2095206091/PB/Miscellaneous/Icons/Guns/Grenade.uasset" 474
"../../../../../../!Dev/UE4/Pavlov/PB/Prisonbreak/Content/CustomMaps/UGC2095206091/PB/Spawns/Weapons/KnifeSpawn.uasset" 475
"../../../../../../!Dev/UE4/Pavlov/PB/Prisonbreak/Content/CustomMaps/UGC2095206091/PB/Miscellaneous/Icons/Guns/Handgun.uasset" 476
"../../../../../../!Dev/UE4/Pavlov/PB/Prisonbreak/Content/CustomMaps/UGC2095206091/PB/Spawns/Weapons/Physical(Unloaded)/PistolSpawn.uasset" 477
"../../../../../../!Dev/UE4/Pavlov/PB/Prisonbreak/Content/CustomMaps/UGC2095206091/PB/Miscellaneous/Icons/Guns/RandomWeapon.uasset" 478
"../../../../../../!Dev/UE4/Pavlov/PB/Prisonbreak/Content/CustomMaps/UGC2095206091/PB/Spawns/Weapons/Physical(Unloaded)/RandomWeaponSpawn.uasset" 479
"../../../../../../!Dev/UE4/Pavlov/PB/Prisonbreak/Content/CustomMaps/UGC2095206091/PB/Miscellaneous/Icons/Guns/SMG.uasset" 480
"../../../../../../!Dev/UE4/Pavlov/PB/Prisonbreak/Content/CustomMaps/UGC2095206091/PB/Spawns/Weapons/RapidFireSpawn.uasset" 481
"../../../../../../!Dev/UE4/Pavlov/PB/Prisonbreak/Content/CustomMaps/UGC2095206091/PB/Miscellaneous/Icons/Guns/Rifle.uasset" 482
"../../../../../../!Dev/UE4/Pavlov/PB/Prisonbreak/Content/CustomMaps/UGC2095206091/PB/Spawns/Weapons/RifleSpawn.uasset" 483
"../../../../../../!Dev/UE4/Pavlov/PB/Prisonbreak/Content/CustomMaps/UGC2095206091/PB/Miscellaneous/Icons/Guns/Shotgun.uasset" 484
"../../../../../../!Dev/UE4/Pavlov/PB/Prisonbreak/Content/CustomMaps/UGC2095206091/PB/Spawns/Weapons/ShotgunSpawn.uasset" 485
"../../../../../../!Dev/UE4/Pavlov/PB/Prisonbreak/Content/CustomMaps/UGC2095206091/PB/Miscellaneous/Icons/Guns/Sniper.uasset" 486
"../../../../../../!Dev/UE4/Pavlov/PB/Prisonbreak/Content/CustomMaps/UGC2095206091/PB/Spawns/Weapons/SniperSpawn.uasset" 487
"../../../../../../!Dev/UE4/Pavlov/PB/Prisonbreak/Content/CustomMaps/UGC2095206091/PB/Spawns/Weapons/TaserAndHandcuffs.uasset" 488
"../../../../../../!Dev/UE4/Pavlov/PB/Prisonbreak/Content/CustomMaps/UGC2095206091/PB/Miscellaneous/Sound/RadarBeep.uasset" 489
"../../../../../../!Dev/UE4/Pavlov/PB/Prisonbreak/Content/CustomMaps/UGC2095206091/PB_Templates/Blueprints/Templates/Meshes/CardReader_Mesh.uasset" 490
"../../../../../../!Dev/UE4/Pavlov/PB/Prisonbreak/Content/CustomMaps/UGC2095206091/PB_Templates/Blueprints/Miscellaneous/KnifeSpawner.uasset" 491
"../../../../../../!Dev/UE4/Pavlov/PB/Prisonbreak/Content/CustomMaps/UGC2095206091/PB_Templates/Blueprints/Buttons/Minigame/MinigameInterface.uasset" 492
"../../../../../../!Dev/UE4/Pavlov/PB/Prisonbreak/Content/CustomMaps/UGC2095206091/PB_Templates/Blueprints/Buttons/Minigame/ButtonMinigameStop.uasset" 493
"../../../../../../!Dev/UE4/Pavlov/PB/Prisonbreak/Content/CustomMaps/UGC2095206091/PB_Templates/Blueprints/Buttons/Minigame/ButtonMinigameStart.uasset" 494
"../../../../../../!Dev/UE4/Pavlov/PB/Prisonbreak/Content/CustomMaps/UGC2095206091/PB_Templates/Blueprints/Buttons/MinigameFunctionLibrary.uasset" 495
"../../../../../../!Dev/UE4/Pavlov/PB/Prisonbreak/Content/CustomMaps/UGC2095206091/PB/Miscellaneous/Materials/BasicColors/Invisible_Texture.uasset" 496
"../../../../../../!Dev/UE4/Pavlov/PB/Prisonbreak/Content/CustomMaps/UGC2095206091/PB/Miscellaneous/Materials/BasicColors/Transparent_Texture.uasset" 497
"../../../../../../!Dev/UE4/Pavlov/PB/Prisonbreak/Content/CustomMaps/UGC2095206091/PB/Miscellaneous/Materials/BasicColors/BasicBlack.uasset" 498
"../../../../../../!Dev/UE4/Pavlov/PB/Prisonbreak/Content/CustomMaps/UGC2095206091/PB/Miscellaneous/Materials/BasicColors/BasicBlue.uasset" 499
"../../../../../../!Dev/UE4/Pavlov/PB/Prisonbreak/Content/CustomMaps/UGC2095206091/PB/Miscellaneous/Materials/BasicColors/BasicPink.uasset" 500
"../../../../../../!Dev/UE4/Pavlov/PB/Prisonbreak/Content/CustomMaps/UGC2095206091/PB/Miscellaneous/Materials/BasicColors/BasicWhite.uasset" 501
"../../../../../../!Dev/UE4/Pavlov/PB/Prisonbreak/Content/CustomMaps/UGC2095206091/PB/Miscellaneous/Materials/BasicColors/BasicYellow.uasset" 502
"../../../../../../!Dev/UE4/Pavlov/PB/Prisonbreak/Content/CustomMaps/UGC2095206091/PB/Miscellaneous/Icons/Logic.uasset" 503
"../../../../../../!Dev/UE4/Pavlov/PB/Prisonbreak/Content/CustomMaps/UGC2095206091/PB/Miscellaneous/Sound/Announcer/Countdown/countdown_1.uasset" 504
"../../../../../../!Dev/UE4/Pavlov/PB/Prisonbreak/Content/CustomMaps/UGC2095206091/PB/Miscellaneous/Sound/Announcer/Countdown/countdown_2.uasset" 505
"../../../../../../!Dev/UE4/Pavlov/PB/Prisonbreak/Content/CustomMaps/UGC2095206091/PB/Miscellaneous/Sound/Announcer/Countdown/countdown_3.uasset" 506
"../../../../../../!Dev/UE4/Pavlov/PB/Prisonbreak/Content/CustomMaps/UGC2095206091/PB/Miscellaneous/Sound/Attenuation/Minigame.uasset" 507
"../../../../../../!Dev/UE4/Pavlov/PB/Prisonbreak/Content/CustomMaps/UGC2095206091/PB_Templates/Minigames/CrushGame/Meshes/CGColor.uasset" 508
"../../../../../../!Dev/UE4/Pavlov/PB/Prisonbreak/Content/CustomMaps/UGC2095206091/PB_Templates/Minigames/CrushGame/Meshes/CGFloor_Black.uasset" 509
"../../../../../../!Dev/UE4/Pavlov/PB/Prisonbreak/Content/CustomMaps/UGC2095206091/PB_Templates/Minigames/CrushGame/Meshes/CGFloor_Blue.uasset" 510
"../../../../../../!Dev/UE4/Pavlov/PB/Prisonbreak/Content/CustomMaps/UGC2095206091/PB_Templates/Minigames/CrushGame/Meshes/CGFloor_Brown.uasset" 511
"../../../../../../!Dev/UE4/Pavlov/PB/Prisonbreak/Content/CustomMaps/UGC2095206091/PB_Templates/Minigames/CrushGame/Meshes/CGFloor_Green.uasset" 512
"../../../../../../!Dev/UE4/Pavlov/PB/Prisonbreak/Content/CustomMaps/UGC2095206091/PB_Templates/Minigames/CrushGame/Meshes/CGFloor_Grey.uasset" 513
"../../../../../../!Dev/UE4/Pavlov/PB/Prisonbreak/Content/CustomMaps/UGC2095206091/PB_Templates/Minigames/CrushGame/Meshes/CGFloor_Pink.uasset" 514
"../../../../../../!Dev/UE4/Pavlov/PB/Prisonbreak/Content/CustomMaps/UGC2095206091/PB_Templates/Minigames/CrushGame/Meshes/CGFloor_Red.uasset" 515
"../../../../../../!Dev/UE4/Pavlov/PB/Prisonbreak/Content/CustomMaps/UGC2095206091/PB_Templates/Minigames/CrushGame/Meshes/CGFloor_White.uasset" 516
"../../../../../../!Dev/UE4/Pavlov/PB/Prisonbreak/Content/CustomMaps/UGC2095206091/PB_Templates/Minigames/CrushGame/Meshes/CGFloor_Yellow.uasset" 517
"../../../../../../!Dev/UE4/Pavlov/PB/Prisonbreak/Content/CustomMaps/UGC2095206091/PB_Templates/Minigames/CrushGame/CrushGameLogic.uasset" 518
"../../../../../../!Dev/UE4/Pavlov/PB/Prisonbreak/Content/CustomMaps/UGC2095206091/PB_Templates/Minigames/Fallgame/Meshes/FloorOutside_Mesh.uasset" 519
"../../../../../../!Dev/UE4/Pavlov/PB/Prisonbreak/Content/CustomMaps/UGC2095206091/PB_Templates/Minigames/Fallgame/fgfloor1.uasset" 520
"../../../../../../!Dev/UE4/Pavlov/PB/Prisonbreak/Content/CustomMaps/UGC2095206091/PB_Templates/Minigames/Fallgame/Meshes/FloorInside_Mesh.uasset" 521
"../../../../../../!Dev/UE4/Pavlov/PB/Prisonbreak/Content/CustomMaps/UGC2095206091/PB_Templates/Minigames/Fallgame/fgfloor2.uasset" 522
"../../../../../../!Dev/UE4/Pavlov/PB/Prisonbreak/Content/CustomMaps/UGC2095206091/PB_Templates/Minigames/Fallgame/Meshes/Breaking_Mesh.uasset" 523
"../../../../../../!Dev/UE4/Pavlov/PB/Prisonbreak/Content/CustomMaps/UGC2095206091/PB_Templates/Minigames/Fallgame/fallgamelogic.uasset" 524
"../../../../../../!Dev/UE4/Pavlov/PB/Prisonbreak/Content/CustomMaps/UGC2095206091/PB_Templates/Minigames/Football/FootballPhysics.uasset" 525
"../../../../../../!Dev/UE4/Pavlov/PB/Prisonbreak/Content/CustomMaps/UGC2095206091/PB_Templates/Minigames/Football/FootballSpawner.uasset" 526
"../../../../../../!Dev/UE4/Pavlov/PB/Prisonbreak/Content/CustomMaps/UGC2095206091/PB_Templates/Minigames/Football/Goal.uasset" 527
"../../../../../../!Dev/UE4/Pavlov/PB/Prisonbreak/Content/CustomMaps/UGC2095206091/PB/Miscellaneous/Sound/DeathSounds/Death3.uasset" 528
"../../../../../../!Dev/UE4/Pavlov/PB/Prisonbreak/Content/CustomMaps/UGC2095206091/PB_Templates/Minigames/NineSquare/Meshes/NS_Blocker.uasset" 529
"../../../../../../!Dev/UE4/Pavlov/PB/Prisonbreak/Content/CustomMaps/UGC2095206091/PB_Templates/Minigames/NineSquare/Meshes/NSfloorBlack.uasset" 530
"../../../../../../!Dev/UE4/Pavlov/PB/Prisonbreak/Content/CustomMaps/UGC2095206091/PB_Templates/Minigames/NineSquare/Meshes/NSfloorBrown.uasset" 531
"../../../../../../!Dev/UE4/Pavlov/PB/Prisonbreak/Content/CustomMaps/UGC2095206091/PB_Templates/Minigames/NineSquare/Meshes/NSfloorGreen.uasset" 532
"../../../../../../!Dev/UE4/Pavlov/PB/Prisonbreak/Content/CustomMaps/UGC2095206091/PB_Templates/Minigames/NineSquare/Meshes/NSfloorGrey.uasset" 533
"../../../../../../!Dev/UE4/Pavlov/PB/Prisonbreak/Content/CustomMaps/UGC2095206091/PB_Templates/Minigames/NineSquare/Meshes/NSfloorPink.uasset" 534
"../../../../../../!Dev/UE4/Pavlov/PB/Prisonbreak/Content/CustomMaps/UGC2095206091/PB_Templates/Minigames/NineSquare/Meshes/NSfloorRed.uasset" 535
"../../../../../../!Dev/UE4/Pavlov/PB/Prisonbreak/Content/CustomMaps/UGC2095206091/PB_Templates/Minigames/NineSquare/Meshes/NSfloorWhite.uasset" 536
"../../../../../../!Dev/UE4/Pavlov/PB/Prisonbreak/Content/CustomMaps/UGC2095206091/PB_Templates/Minigames/NineSquare/Meshes/NSfloorYellow.uasset" 537
"../../../../../../!Dev/UE4/Pavlov/PB/Prisonbreak/Content/CustomMaps/UGC2095206091/PB_Templates/Minigames/NineSquare/NineSquareLogic.uasset" 538
"../../../../../../!Dev/UE4/Pavlov/PB/Prisonbreak/Content/CustomMaps/UGC2095206091/PB/Miscellaneous/Icons/Teleport.uasset" 539
"../../../../../../!Dev/UE4/Pavlov/PB/Prisonbreak/Content/CustomMaps/UGC2095206091/PB/Spawns/Admin/Teleport_Destinations/AdminRoom.uasset" 540
"../../../../../../!Dev/UE4/Pavlov/PB/Prisonbreak/Content/CustomMaps/UGC2095206091/PB/Spawns/Admin/Teleport_Destinations/TeleportHammerHolder.uasset" 541
"../../../../../../!Dev/UE4/Pavlov/PB/Prisonbreak/Content/CustomMaps/UGC2095206091/PB/Spawns/Admin/Teleport_Destinations/TeleportHammerTarget.uasset" 542
"../../../../../../!Dev/UE4/Pavlov/PB/Prisonbreak/Content/CustomMaps/UGC2095206091/PB/Miscellaneous/Icons/SpawnSpecial.uasset" 543
"../../../../../../!Dev/UE4/Pavlov/PB/Prisonbreak/Content/CustomMaps/UGC2095206091/PB/SpecialSpawner.uasset" 544
"../../../../../../!Dev/UE4/Pavlov/PB/Prisonbreak/Content/CustomMaps/UGC2095206091/PB_Templates/Blueprints/Buttons/Smooth/ButtonCloseDoor_Smooth.uasset" 545
"../../../../../../!Dev/UE4/Pavlov/PB/Prisonbreak/Content/CustomMaps/UGC2095206091/PB_Templates/Blueprints/Buttons/Smooth/ButtonOpenDoor_Smooth.uasset" 546
"../../../../../../!Dev/UE4/Pavlov/PB/Prisonbreak/Content/CustomMaps/UGC2095206091/PB_Templates/Sounds/doorclose.uasset" 547
"../../../../../../!Dev/UE4/Pavlov/PB/Prisonbreak/Content/CustomMaps/UGC2095206091/PB_Templates/Sounds/dooropen.uasset" 548
"../../../../../../!Dev/UE4/Pavlov/PB/Prisonbreak/Content/CustomMaps/UGC2095206091/PB_Templates/Blueprints/Buttons/Smooth/ButtonLogicSmooth.uasset" 549
"../../../../../../!Dev/UE4/Pavlov/PB/Prisonbreak/Plugins/CustomMapTools/Content/Examples/Items/HandPoses/SM_AmmoBoxGrip.uasset" 550
"../../../../../../!Dev/UE4/Pavlov/PB/Prisonbreak/Plugins/CustomMapTools/Content/Examples/Items/HandPoses/SM_Generic2.uasset" 551
"../../../../../../!Dev/UE4/Pavlov/PB/Prisonbreak/Plugins/CustomMapTools/Content/Examples/Items/HandPoses/SM_GenericGrip1.uasset" 552
"../../../../../../!Dev/UE4/Pavlov/PB/Prisonbreak/Plugins/CustomMapTools/Content/Examples/Items/HandPoses/SM_GrenadeGrip.uasset" 553
"../../../../../../!Dev/UE4/Pavlov/PB/Prisonbreak/Plugins/CustomMapTools/Content/Examples/Items/HandPoses/SM_MagazineGrip.uasset" 554
"../../../../../../!Dev/UE4/Pavlov/PB/Prisonbreak/Plugins/CustomMapTools/Content/Examples/Items/HandPoses/SM_PillGrip.uasset" 555
"../../../../../../!Dev/UE4/Pavlov/PB/Prisonbreak/Plugins/CustomMapTools/Content/Examples/Items/HandPoses/SM_PistolGrip.uasset" 556
"../../../../../../!Dev/UE4/Pavlov/PB/Prisonbreak/Plugins/CustomMapTools/Content/Examples/Items/HandPoses/SM_RifleGrip.uasset" 557
"../../../../../../!Dev/UE4/Pavlov/PB/Prisonbreak/Plugins/CustomMapTools/Content/Examples/Items/HandPoses/SM_SuppressorGrip.uasset" 558
"../../../../../../!Dev/UE4/Pavlov/PB/Prisonbreak/Plugins/CustomMapTools/Content/Examples/Items/HandPoses/SM_VerticalGrip.uasset" 559
"../../../../../../!Dev/UE4/Pavlov/PB/Prisonbreak/Plugins/CustomMapTools/Content/Examples/Items/HandPoses/GM_PoseTester.uasset" 560
"../../../Engine/Content/EngineSky/C_Sky_Cloud_Color.uasset" 561
"../../../Engine/Content/EngineSky/C_Sky_Horizon_Color.uasset" 562
"../../../Engine/Content/EngineSky/C_Sky_Zenith_Color.uasset" 563
"../../../Engine/Content/EngineSky/T_Sky_Blue.uasset" 564
"../../../Engine/Content/EngineSky/T_Sky_Clouds_M.uasset" 565
"../../../Engine/Content/EngineSky/T_Sky_Stars.uasset" 566
"../../../Engine/Content/EngineSky/M_Sky_Panning_Clouds2.uasset" 567
"../../../Engine/Content/EngineSky/SM_SkySphere.uasset" 568
"../../../Engine/Content/EngineSky/BP_Sky_Sphere.uasset" 569
"../../../../../../!Dev/UE4/Pavlov/PB/Prisonbreak/Plugins/CustomMapTools/Content/Examples/Proxies/BP_HandProxyExample.uasset" 570
"../../../../../../!Dev/UE4/Pavlov/PB/Prisonbreak/Content/CustomMaps/UGC2095206091/AMM/Climbing/Climbing_Box.uasset" 571
"../../../../../../!Dev/UE4/Pavlov/PB/Prisonbreak/Content/CustomMaps/UGC2095206091/AMM/Interacting/Advanced_InteractMesh.uasset" 572
"../../../../../../!Dev/UE4/Pavlov/PB/Prisonbreak/Content/CustomMaps/UGC2095206091/AMM/Climbing/Climbing_StaticMesh.uasset" 573
"../../../../../../!Dev/UE4/Pavlov/PB/Prisonbreak/Content/CustomMaps/UGC2095206091/AMM/Grabbing/Grabbing_Interface.uasset" 574
"../../../../../../!Dev/UE4/Pavlov/PB/Prisonbreak/Content/CustomMaps/UGC2095206091/AMM/Grabbing/Grabbing_Box.uasset" 575
"../../../../../../!Dev/UE4/Pavlov/PB/Prisonbreak/Content/CustomMaps/UGC2095206091/AMM/Miscellaneous/ComponentMacros.uasset" 576
"../../../../../../!Dev/UE4/Pavlov/PB/Prisonbreak/Content/CustomMaps/UGC2095206091/AMM/Grabbing/Grabbing_Linear.uasset" 577
"../../../../../../!Dev/UE4/Pavlov/PB/Prisonbreak/Content/CustomMaps/UGC2095206091/AMM/Grabbing/Grabbing_Rotator.uasset" 578
"../../../../../../!Dev/UE4/Pavlov/PB/Prisonbreak/Content/CustomMaps/UGC2095206091/AMM_Examples/Materials/BasicColors/BasicColorMaster.uasset" 579
"../../../../../../!Dev/UE4/Pavlov/PB/Prisonbreak/Content/CustomMaps/UGC2095206091/AMM_Examples/Materials/BasicColors/BasicRed.uasset" 580
"../../../../../../!Dev/UE4/Pavlov/PB/Prisonbreak/Content/CustomMaps/UGC2095206091/AMM_Examples/Materials/BasicColors/BasicWhite.uasset" 581
"../../../../../../!Dev/UE4/Pavlov/PB/Prisonbreak/Content/CustomMaps/UGC2095206091/AMM_Examples/Climbing/ClimbableBox.uasset" 582
"../../../../../../!Dev/UE4/Pavlov/PB/Prisonbreak/Content/CustomMaps/UGC2095206091/AMM_Examples/Meshes/LadderMesh.uasset" 583
"../../../../../../!Dev/UE4/Pavlov/PB/Prisonbreak/Content/CustomMaps/UGC2095206091/AMM_Examples/Climbing/ClimbableMesh.uasset" 584
"../../../../../../!Dev/UE4/Pavlov/PB/Prisonbreak/Content/CustomMaps/UGC2095206091/AMM_Examples/Climbing/Climbspin.uasset" 585
"../../../../../../!Dev/UE4/Pavlov/PB/Prisonbreak/Content/CustomMaps/UGC2095206091/AMM_Examples/Meshes/Drawer.uasset" 586
"../../../../../../!Dev/UE4/Pavlov/PB/Prisonbreak/Content/CustomMaps/UGC2095206091/AMM_Examples/Meshes/Dynamic_Box.uasset" 587
"../../../../../../!Dev/UE4/Pavlov/PB/Prisonbreak/Content/CustomMaps/UGC2095206091/AMM_Examples/Grabbing/Linear_Example.uasset" 588
"../../../../../../!Dev/UE4/Pavlov/PB/Prisonbreak/Content/CustomMaps/UGC2095206091/AMM_Examples/Materials/BasicColors/BasicBlue.uasset" 589
"../../../../../../!Dev/UE4/Pavlov/PB/Prisonbreak/Content/CustomMaps/UGC2095206091/AMM_Examples/Materials/BasicColors/BasicGreen.uasset" 590
"../../../../../../!Dev/UE4/Pavlov/PB/Prisonbreak/Content/CustomMaps/UGC2095206091/AMM_Examples/Materials/BasicColors/BasicPink.uasset" 591
"../../../../../../!Dev/UE4/Pavlov/PB/Prisonbreak/Content/CustomMaps/UGC2095206091/AMM_Examples/Grabbing/Rotator_Example.uasset" 592
"../../../../../../!Dev/UE4/Pavlov/PB/Prisonbreak/Content/CustomMaps/UGC2095206091/PB/Blueprints/FriendlyFireZone.uasset" 593
"../../../../../../!Dev/UE4/Pavlov/PB/Prisonbreak/Content/CustomMaps/UGC2095206091/PB/Blueprints/NoFallDamage.uasset" 594
"../../../../../../!Dev/UE4/Pavlov/PB/Prisonbreak/Content/CustomMaps/UGC2095206091/PB/Spawns/Admin/BanTempHammer.uasset" 595
"../../../../../../!Dev/UE4/Pavlov/PB/Prisonbreak/Content/CustomMaps/UGC2095206091/PB/Spawns/Admin/GuardBanTempHammer.uasset" 596
"../../../../../../!Dev/UE4/Pavlov/PB/Prisonbreak/Content/CustomMaps/UGC2095206091/PB/Spawns/Admin/InfHealthHammer.uasset" 597
"../../../../../../!Dev/UE4/Pavlov/PB/Prisonbreak/Content/CustomMaps/UGC2095206091/PB/Spawns/Admin/KickHammer.uasset" 598
"../../../../../../!Dev/UE4/Pavlov/PB/Prisonbreak/Content/CustomMaps/UGC2095206091/PB/Spawns/Admin/TeleportHammer.uasset" 599
"../../../../../../!Dev/UE4/Pavlov/PB/Prisonbreak/Content/CustomMaps/UGC2095206091/PB_Templates/Blueprints/Buttons/Instant/ButtonCloseDoor_Instant.uasset" 600
"../../../../../../!Dev/UE4/Pavlov/PB/Prisonbreak/Content/CustomMaps/UGC2095206091/PB_Templates/Blueprints/Buttons/Instant/ButtonOpenDoor_Instant.uasset" 601
"../../../../../../!Dev/UE4/Pavlov/PB/Prisonbreak/Content/CustomMaps/UGC2095206091/PB/Miscellaneous/Materials/BasicColors/BasicCyan.uasset" 602
"../../../../../../!Dev/UE4/Pavlov/PB/Prisonbreak/Content/CustomMaps/UGC2095206091/PB_Templates/Blueprints/Buttons/Instant/ButtonToggleDoor_Instant.uasset" 603
"../../../../../../!Dev/UE4/Pavlov/PB/Prisonbreak/Content/CustomMaps/UGC2095206091/PB_Templates/Blueprints/Buttons/Smooth/ButtonToggleDoor_Smooth.uasset" 604
"../../../../../../!Dev/UE4/Pavlov/PB/Prisonbreak/Content/CustomMaps/UGC2095206091/PB_Templates/Blueprints/IDCardScanners/IDCardScannerDoor_Instant.uasset" 605
"../../../../../../!Dev/UE4/Pavlov/PB/Prisonbreak/Content/CustomMaps/UGC2095206091/PB_Templates/Blueprints/IDCardScanners/IDCardScannerDoor_Smooth.uasset" 606
"../../../../../../!Dev/UE4/Pavlov/PB/Prisonbreak/Content/CustomMaps/UGC2095206091/PB_Templates/Sounds/WoodCrashImpact.uasset" 607
"../../../../../../!Dev/UE4/Pavlov/PB/Prisonbreak/Content/CustomMaps/UGC2095206091/PB_Templates/Blueprints/Miscellaneous/Breakable.uasset" 608
"../../../../../../!Dev/UE4/Pavlov/PB/Prisonbreak/Content/CustomMaps/UGC2095206091/PB_Templates/Blueprints/Miscellaneous/HealingZone.uasset" 609
"../../../../../../!Dev/UE4/Pavlov/PB/Prisonbreak/Content/CustomMaps/UGC2095206091/PB_Templates/Blueprints/Miscellaneous/WaterMovementNew.uasset" 610
"../../../../../../!Dev/UE4/Pavlov/PB/Prisonbreak/Content/CustomMaps/UGC2095206091/PB_Templates/Minigames/Wipeout/Wipeout_Mesh.uasset" 611
"../../../../../../!Dev/UE4/Pavlov/PB/Prisonbreak/Content/CustomMaps/UGC2095206091/PB_Templates/Minigames/Wipeout/Wipeout_Blueprint.uasset" 612
"../../../Engine/Content/Functions/Engine_MaterialFunctions02/Texturing/CustomRotator.uasset" 613
"../../../../../../!Dev/UE4/Pavlov/PB/Prisonbreak/Content/CustomMaps/UGC2095206091/PB_Templates/Miscellaneous/MirrorTarget.uasset" 614
"../../../../../../!Dev/UE4/Pavlov/PB/Prisonbreak/Content/CustomMaps/UGC2095206091/PB_Templates/Miscellaneous/MirrorTexture.uasset" 615
"../../../../../../!Dev/UE4/Pavlov/PB/Prisonbreak/Content/CustomMaps/UGC2095206091/PB_Templates/Miscellaneous/Mirror.uasset" 616
"../../../../../../!Dev/UE4/Pavlov/PB/Prisonbreak/Content/CustomMaps/UGC2095206091/PB_Templates/Prisonbreak_Example_Map_BuiltData.uasset" 617
"../../../../../../!Dev/UE4/Pavlov/PB/Prisonbreak/Content/CustomMaps/UGC2095206091/PB_Templates/Miscellaneous/VRTextTwosided.uasset" 618
"../../../../../../!Dev/UE4/Pavlov/PB/Prisonbreak/Content/CustomMaps/UGC2095206091/PB_Templates/Prisonbreak_Example_Thumbnail.uasset" 619
"../../../../../../!Dev/UE4/Pavlov/PB/Prisonbreak/Content/CustomMaps/UGC2095206091/definition.uasset" 620
"../../../../../../!Dev/UE4/Pavlov/PB/Prisonbreak/Content/CustomMaps/UGC2095206091/PB_Templates/Blueprints/Templates/Meshes/Dynamic_Box.uasset" 621
"../../../../../../!Dev/UE4/Pavlov/PB/Prisonbreak/Content/CustomMaps/UGC2095206091/PB_Templates/Prisonbreak_Example_Map.umap" 622
"../../../Engine/Content/Maps/Entry_BuiltData.uasset" 623
"../../../Engine/Content/Maps/Entry.umap" 624
"../../../Engine/Content/Maps/Templates/Template_Default_BuiltData.uasset" 625
"../../../Engine/Content/MapTemplates/SM_Template_Map_Floor.uasset" 626
"../../../Engine/Content/Maps/Templates/Template_Default.umap" 627
